INFO 2024-09-18 18:21:43,177 autoreload Watching for file changes with StatReloader
INFO 2024-09-18 18:58:17,689 basehttp "GET / HTTP/1.1" 200 24
INFO 2024-09-18 18:58:21,317 basehttp "GET /admin/ HTTP/1.1" 302 0
ERROR 2024-09-18 18:58:21,461 log Internal Server Error: /admin/login/
Traceback (most recent call last):
  File "C:\Users\fortu\OneDrive\Documents\AUNRMS\venv\Lib\site-packages\django\core\handlers\exception.py", line 55, in inner
    response = get_response(request)
               ^^^^^^^^^^^^^^^^^^^^^
  File "C:\Users\fortu\OneDrive\Documents\AUNRMS\venv\Lib\site-packages\django\core\handlers\base.py", line 197, in _get_response
    response = wrapped_callback(request, *callback_args, **callback_kwargs)
               ^^^^^^^^^^^^^^^^^^^^^^^^^^^^^^^^^^^^^^^^^^^^^^^^^^^^^^^^^^^^
  File "C:\Users\fortu\OneDrive\Documents\AUNRMS\venv\Lib\site-packages\unfold\sites.py", line 199, in login
    return super().login(request, extra_context)
           ^^^^^^^^^^^^^^^^^^^^^^^^^^^^^^^^^^^^^
  File "C:\Users\fortu\OneDrive\Documents\AUNRMS\venv\Lib\site-packages\django\utils\decorators.py", line 46, in _wrapper
    return bound_method(*args, **kwargs)
           ^^^^^^^^^^^^^^^^^^^^^^^^^^^^^
  File "C:\Users\fortu\OneDrive\Documents\AUNRMS\venv\Lib\site-packages\django\views\decorators\cache.py", line 62, in _wrapper_view_func
    response = view_func(request, *args, **kwargs)
               ^^^^^^^^^^^^^^^^^^^^^^^^^^^^^^^^^^^
  File "C:\Users\fortu\OneDrive\Documents\AUNRMS\venv\Lib\site-packages\django\contrib\admin\sites.py", line 422, in login
    **self.each_context(request),
      ^^^^^^^^^^^^^^^^^^^^^^^^^^
  File "C:\Users\fortu\OneDrive\Documents\AUNRMS\venv\Lib\site-packages\unfold\sites.py", line 52, in each_context
    context = super().each_context(request)
              ^^^^^^^^^^^^^^^^^^^^^^^^^^^^^
  File "C:\Users\fortu\OneDrive\Documents\AUNRMS\venv\Lib\site-packages\django\contrib\admin\sites.py", line 337, in each_context
    "available_apps": self.get_app_list(request),
                      ^^^^^^^^^^^^^^^^^^^^^^^^^^
  File "C:\Users\fortu\OneDrive\Documents\AUNRMS\venv\Lib\site-packages\django\contrib\admin\sites.py", line 536, in get_app_list
    app_dict = self._build_app_dict(request, app_label)
               ^^^^^^^^^^^^^^^^^^^^^^^^^^^^^^^^^^^^^^^^
  File "C:\Users\fortu\OneDrive\Documents\AUNRMS\venv\Lib\site-packages\django\contrib\admin\sites.py", line 478, in _build_app_dict
    has_module_perms = model_admin.has_module_permission(request)
                       ^^^^^^^^^^^^^^^^^^^^^^^^^^^^^^^^^^^^^^^^^^
  File "C:\Users\fortu\OneDrive\Documents\AUNRMS\venv\Lib\site-packages\django\contrib\admin\options.py", line 611, in has_module_permission
    return request.user.has_module_perms(self.opts.app_label)
           ^^^^^^^^^^^^^^^^^^^^^^^^^^^^^^^^^^^^^^^^^^^^^^^^^^
  File "C:\Users\fortu\OneDrive\Documents\AUNRMS\venv\Lib\site-packages\django\contrib\auth\models.py", line 488, in has_module_perms
    return _user_has_module_perms(self, module)
           ^^^^^^^^^^^^^^^^^^^^^^^^^^^^^^^^^^^^
  File "C:\Users\fortu\OneDrive\Documents\AUNRMS\venv\Lib\site-packages\django\contrib\auth\models.py", line 231, in _user_has_module_perms
    for backend in auth.get_backends():
                   ^^^^^^^^^^^^^^^^^^^
  File "C:\Users\fortu\OneDrive\Documents\AUNRMS\venv\Lib\site-packages\django\contrib\auth\__init__.py", line 38, in get_backends
    return _get_backends(return_tuples=False)
           ^^^^^^^^^^^^^^^^^^^^^^^^^^^^^^^^^^
  File "C:\Users\fortu\OneDrive\Documents\AUNRMS\venv\Lib\site-packages\django\contrib\auth\__init__.py", line 27, in _get_backends
    backend = load_backend(backend_path)
              ^^^^^^^^^^^^^^^^^^^^^^^^^^
  File "C:\Users\fortu\OneDrive\Documents\AUNRMS\venv\Lib\site-packages\django\contrib\auth\__init__.py", line 21, in load_backend
    return import_string(path)()
           ^^^^^^^^^^^^^^^^^^^
  File "C:\Users\fortu\OneDrive\Documents\AUNRMS\venv\Lib\site-packages\django\utils\module_loading.py", line 30, in import_string
    return cached_import(module_path, class_name)
           ^^^^^^^^^^^^^^^^^^^^^^^^^^^^^^^^^^^^^^
  File "C:\Users\fortu\OneDrive\Documents\AUNRMS\venv\Lib\site-packages\django\utils\module_loading.py", line 15, in cached_import
    module = import_module(module_path)
             ^^^^^^^^^^^^^^^^^^^^^^^^^^
  File "C:\Program Files\Python311\Lib\importlib\__init__.py", line 126, in import_module
    return _bootstrap._gcd_import(name[level:], package, level)
           ^^^^^^^^^^^^^^^^^^^^^^^^^^^^^^^^^^^^^^^^^^^^^^^^^^^^
  File "<frozen importlib._bootstrap>", line 1206, in _gcd_import
  File "<frozen importlib._bootstrap>", line 1178, in _find_and_load
  File "<frozen importlib._bootstrap>", line 1142, in _find_and_load_unlocked
ModuleNotFoundError: No module named 'authentication_backends'
ERROR 2024-09-18 18:58:21,489 basehttp "GET /admin/login/?next=/admin/ HTTP/1.1" 500 144958
ERROR 2024-09-18 18:59:07,277 log Internal Server Error: /admin/login/
Traceback (most recent call last):
  File "C:\Users\fortu\OneDrive\Documents\AUNRMS\venv\Lib\site-packages\django\core\handlers\exception.py", line 55, in inner
    response = get_response(request)
               ^^^^^^^^^^^^^^^^^^^^^
  File "C:\Users\fortu\OneDrive\Documents\AUNRMS\venv\Lib\site-packages\django\core\handlers\base.py", line 197, in _get_response
    response = wrapped_callback(request, *callback_args, **callback_kwargs)
               ^^^^^^^^^^^^^^^^^^^^^^^^^^^^^^^^^^^^^^^^^^^^^^^^^^^^^^^^^^^^
  File "C:\Users\fortu\OneDrive\Documents\AUNRMS\venv\Lib\site-packages\unfold\sites.py", line 199, in login
    return super().login(request, extra_context)
           ^^^^^^^^^^^^^^^^^^^^^^^^^^^^^^^^^^^^^
  File "C:\Users\fortu\OneDrive\Documents\AUNRMS\venv\Lib\site-packages\django\utils\decorators.py", line 46, in _wrapper
    return bound_method(*args, **kwargs)
           ^^^^^^^^^^^^^^^^^^^^^^^^^^^^^
  File "C:\Users\fortu\OneDrive\Documents\AUNRMS\venv\Lib\site-packages\django\views\decorators\cache.py", line 62, in _wrapper_view_func
    response = view_func(request, *args, **kwargs)
               ^^^^^^^^^^^^^^^^^^^^^^^^^^^^^^^^^^^
  File "C:\Users\fortu\OneDrive\Documents\AUNRMS\venv\Lib\site-packages\django\contrib\admin\sites.py", line 422, in login
    **self.each_context(request),
      ^^^^^^^^^^^^^^^^^^^^^^^^^^
  File "C:\Users\fortu\OneDrive\Documents\AUNRMS\venv\Lib\site-packages\unfold\sites.py", line 52, in each_context
    context = super().each_context(request)
              ^^^^^^^^^^^^^^^^^^^^^^^^^^^^^
  File "C:\Users\fortu\OneDrive\Documents\AUNRMS\venv\Lib\site-packages\django\contrib\admin\sites.py", line 337, in each_context
    "available_apps": self.get_app_list(request),
                      ^^^^^^^^^^^^^^^^^^^^^^^^^^
  File "C:\Users\fortu\OneDrive\Documents\AUNRMS\venv\Lib\site-packages\django\contrib\admin\sites.py", line 536, in get_app_list
    app_dict = self._build_app_dict(request, app_label)
               ^^^^^^^^^^^^^^^^^^^^^^^^^^^^^^^^^^^^^^^^
  File "C:\Users\fortu\OneDrive\Documents\AUNRMS\venv\Lib\site-packages\django\contrib\admin\sites.py", line 478, in _build_app_dict
    has_module_perms = model_admin.has_module_permission(request)
                       ^^^^^^^^^^^^^^^^^^^^^^^^^^^^^^^^^^^^^^^^^^
  File "C:\Users\fortu\OneDrive\Documents\AUNRMS\venv\Lib\site-packages\django\contrib\admin\options.py", line 611, in has_module_permission
    return request.user.has_module_perms(self.opts.app_label)
           ^^^^^^^^^^^^^^^^^^^^^^^^^^^^^^^^^^^^^^^^^^^^^^^^^^
  File "C:\Users\fortu\OneDrive\Documents\AUNRMS\venv\Lib\site-packages\django\contrib\auth\models.py", line 488, in has_module_perms
    return _user_has_module_perms(self, module)
           ^^^^^^^^^^^^^^^^^^^^^^^^^^^^^^^^^^^^
  File "C:\Users\fortu\OneDrive\Documents\AUNRMS\venv\Lib\site-packages\django\contrib\auth\models.py", line 231, in _user_has_module_perms
    for backend in auth.get_backends():
                   ^^^^^^^^^^^^^^^^^^^
  File "C:\Users\fortu\OneDrive\Documents\AUNRMS\venv\Lib\site-packages\django\contrib\auth\__init__.py", line 38, in get_backends
    return _get_backends(return_tuples=False)
           ^^^^^^^^^^^^^^^^^^^^^^^^^^^^^^^^^^
  File "C:\Users\fortu\OneDrive\Documents\AUNRMS\venv\Lib\site-packages\django\contrib\auth\__init__.py", line 27, in _get_backends
    backend = load_backend(backend_path)
              ^^^^^^^^^^^^^^^^^^^^^^^^^^
  File "C:\Users\fortu\OneDrive\Documents\AUNRMS\venv\Lib\site-packages\django\contrib\auth\__init__.py", line 21, in load_backend
    return import_string(path)()
           ^^^^^^^^^^^^^^^^^^^
  File "C:\Users\fortu\OneDrive\Documents\AUNRMS\venv\Lib\site-packages\django\utils\module_loading.py", line 30, in import_string
    return cached_import(module_path, class_name)
           ^^^^^^^^^^^^^^^^^^^^^^^^^^^^^^^^^^^^^^
  File "C:\Users\fortu\OneDrive\Documents\AUNRMS\venv\Lib\site-packages\django\utils\module_loading.py", line 15, in cached_import
    module = import_module(module_path)
             ^^^^^^^^^^^^^^^^^^^^^^^^^^
  File "C:\Program Files\Python311\Lib\importlib\__init__.py", line 126, in import_module
    return _bootstrap._gcd_import(name[level:], package, level)
           ^^^^^^^^^^^^^^^^^^^^^^^^^^^^^^^^^^^^^^^^^^^^^^^^^^^^
  File "<frozen importlib._bootstrap>", line 1206, in _gcd_import
  File "<frozen importlib._bootstrap>", line 1178, in _find_and_load
  File "<frozen importlib._bootstrap>", line 1142, in _find_and_load_unlocked
ModuleNotFoundError: No module named 'authentication_backends'
ERROR 2024-09-18 18:59:07,290 basehttp "GET /admin/login/?next=/admin/ HTTP/1.1" 500 145095
INFO 2024-09-18 19:01:56,758 autoreload C:\Users\fortu\OneDrive\Documents\AUNRMS\RMS\RMS\settings.py changed, reloading.
INFO 2024-09-18 19:07:47,887 autoreload Watching for file changes with StatReloader
INFO 2024-09-18 19:07:50,608 basehttp "GET / HTTP/1.1" 200 24
INFO 2024-09-18 19:07:53,778 basehttp "GET /admin/ HTTP/1.1" 200 69242
INFO 2024-09-18 19:08:02,250 basehttp "GET /admin/UserProfiles/usercred/ HTTP/1.1" 200 60104
INFO 2024-09-18 19:08:02,357 basehttp "GET /admin/jsi18n/ HTTP/1.1" 200 3343
INFO 2024-09-18 19:08:06,848 basehttp "GET /admin/UserProfiles/usercred/aedb62f1-725d-49b4-a5b0-c62a2d6ab966/change/ HTTP/1.1" 200 53963
INFO 2024-09-18 19:08:06,950 basehttp "GET /admin/jsi18n/ HTTP/1.1" 200 3343
INFO 2024-09-18 19:08:07,248 basehttp "GET /static/admin/js/prepopulate_init.js HTTP/1.1" 200 586
INFO 2024-09-18 19:08:07,257 basehttp "GET /static/admin/img/icon-addlink.svg HTTP/1.1" 200 331
INFO 2024-09-18 19:08:07,260 basehttp "GET /static/admin/js/calendar.js HTTP/1.1" 200 8466
INFO 2024-09-18 19:08:07,267 basehttp "GET /static/admin/js/admin/DateTimeShortcuts.js HTTP/1.1" 200 19319
INFO 2024-09-18 19:08:07,271 basehttp "GET /static/admin/js/change_form.js HTTP/1.1" 200 606
INFO 2024-09-18 19:08:23,137 basehttp "POST /admin/UserProfiles/usercred/aedb62f1-725d-49b4-a5b0-c62a2d6ab966/change/ HTTP/1.1" 302 0
INFO 2024-09-18 19:08:23,267 basehttp "GET /admin/UserProfiles/usercred/ HTTP/1.1" 200 60475
INFO 2024-09-18 19:08:23,377 basehttp "GET /admin/jsi18n/ HTTP/1.1" 200 3343
INFO 2024-09-18 19:08:34,167 basehttp "GET /admin/UserProfiles/residents/ HTTP/1.1" 200 40731
INFO 2024-09-18 19:08:34,362 basehttp "GET /admin/jsi18n/ HTTP/1.1" 200 3343
INFO 2024-09-18 19:08:37,107 basehttp "GET /admin/UserProfiles/staffs/ HTTP/1.1" 200 47967
INFO 2024-09-18 19:08:37,207 basehttp "GET /admin/jsi18n/ HTTP/1.1" 200 3343
INFO 2024-09-18 19:08:45,487 basehttp "GET /admin/UserProfiles/roles/ HTTP/1.1" 200 54106
INFO 2024-09-18 19:08:45,567 basehttp "GET /admin/jsi18n/ HTTP/1.1" 200 3343
INFO 2024-09-18 19:08:49,683 basehttp "GET /admin/UserProfiles/usercred/ HTTP/1.1" 200 60122
INFO 2024-09-18 19:08:49,767 basehttp "GET /admin/jsi18n/ HTTP/1.1" 200 3343
INFO 2024-09-18 19:08:52,867 basehttp "GET /admin/UserProfiles/usercred/a330d592-c0a6-4785-9fe8-b159dbeb43d9/change/ HTTP/1.1" 200 53909
INFO 2024-09-18 19:08:52,957 basehttp "GET /admin/jsi18n/ HTTP/1.1" 200 3343
INFO 2024-09-18 19:08:56,807 basehttp "POST /admin/UserProfiles/usercred/a330d592-c0a6-4785-9fe8-b159dbeb43d9/change/ HTTP/1.1" 302 0
INFO 2024-09-18 19:08:56,917 basehttp "GET /admin/UserProfiles/usercred/ HTTP/1.1" 200 60477
INFO 2024-09-18 19:08:57,008 basehttp "GET /admin/jsi18n/ HTTP/1.1" 200 3343
INFO 2024-09-18 19:09:02,778 basehttp "POST /admin/logout/ HTTP/1.1" 200 3369
INFO 2024-09-18 19:09:04,062 basehttp "GET /admin/ HTTP/1.1" 302 0
ERROR 2024-09-18 19:09:04,151 log Internal Server Error: /admin/login/
Traceback (most recent call last):
  File "C:\Users\fortu\OneDrive\Documents\AUNRMS\venv\Lib\site-packages\django\core\handlers\exception.py", line 55, in inner
    response = get_response(request)
               ^^^^^^^^^^^^^^^^^^^^^
  File "C:\Users\fortu\OneDrive\Documents\AUNRMS\venv\Lib\site-packages\django\core\handlers\base.py", line 220, in _get_response
    response = response.render()
               ^^^^^^^^^^^^^^^^^
  File "C:\Users\fortu\OneDrive\Documents\AUNRMS\venv\Lib\site-packages\django\template\response.py", line 111, in render
    self.content = self.rendered_content
                   ^^^^^^^^^^^^^^^^^^^^^
  File "C:\Users\fortu\OneDrive\Documents\AUNRMS\venv\Lib\site-packages\django\template\response.py", line 87, in rendered_content
    template = self.resolve_template(self.template_name)
               ^^^^^^^^^^^^^^^^^^^^^^^^^^^^^^^^^^^^^^^^^
  File "C:\Users\fortu\OneDrive\Documents\AUNRMS\venv\Lib\site-packages\django\template\response.py", line 69, in resolve_template
    return select_template(template, using=self.using)
           ^^^^^^^^^^^^^^^^^^^^^^^^^^^^^^^^^^^^^^^^^^^
  File "C:\Users\fortu\OneDrive\Documents\AUNRMS\venv\Lib\site-packages\django\template\loader.py", line 47, in select_template
    raise TemplateDoesNotExist(", ".join(template_name_list), chain=chain)
django.template.exceptions.TemplateDoesNotExist: registration/admin_login.html
ERROR 2024-09-18 19:09:04,159 basehttp "GET /admin/login/?next=/admin/ HTTP/1.1" 500 84345
INFO 2024-09-18 19:10:57,567 autoreload Watching for file changes with StatReloader
INFO 2024-09-18 19:10:59,202 basehttp "GET / HTTP/1.1" 200 24
INFO 2024-09-18 19:11:01,637 basehttp "GET /admin/ HTTP/1.1" 302 0
ERROR 2024-09-18 19:11:01,678 log Internal Server Error: /admin/login/
Traceback (most recent call last):
  File "C:\Users\fortu\OneDrive\Documents\AUNRMS\venv\Lib\site-packages\django\core\handlers\exception.py", line 55, in inner
    response = get_response(request)
               ^^^^^^^^^^^^^^^^^^^^^
  File "C:\Users\fortu\OneDrive\Documents\AUNRMS\venv\Lib\site-packages\django\core\handlers\base.py", line 220, in _get_response
    response = response.render()
               ^^^^^^^^^^^^^^^^^
  File "C:\Users\fortu\OneDrive\Documents\AUNRMS\venv\Lib\site-packages\django\template\response.py", line 111, in render
    self.content = self.rendered_content
                   ^^^^^^^^^^^^^^^^^^^^^
  File "C:\Users\fortu\OneDrive\Documents\AUNRMS\venv\Lib\site-packages\django\template\response.py", line 87, in rendered_content
    template = self.resolve_template(self.template_name)
               ^^^^^^^^^^^^^^^^^^^^^^^^^^^^^^^^^^^^^^^^^
  File "C:\Users\fortu\OneDrive\Documents\AUNRMS\venv\Lib\site-packages\django\template\response.py", line 69, in resolve_template
    return select_template(template, using=self.using)
           ^^^^^^^^^^^^^^^^^^^^^^^^^^^^^^^^^^^^^^^^^^^
  File "C:\Users\fortu\OneDrive\Documents\AUNRMS\venv\Lib\site-packages\django\template\loader.py", line 47, in select_template
    raise TemplateDoesNotExist(", ".join(template_name_list), chain=chain)
django.template.exceptions.TemplateDoesNotExist: registration/admin_login.html
ERROR 2024-09-18 19:11:01,687 basehttp "GET /admin/login/?next=/admin/ HTTP/1.1" 500 84455
INFO 2024-09-18 19:11:03,010 basehttp "GET /admin/ HTTP/1.1" 302 0
ERROR 2024-09-18 19:11:03,042 log Internal Server Error: /admin/login/
Traceback (most recent call last):
  File "C:\Users\fortu\OneDrive\Documents\AUNRMS\venv\Lib\site-packages\django\core\handlers\exception.py", line 55, in inner
    response = get_response(request)
               ^^^^^^^^^^^^^^^^^^^^^
  File "C:\Users\fortu\OneDrive\Documents\AUNRMS\venv\Lib\site-packages\django\core\handlers\base.py", line 220, in _get_response
    response = response.render()
               ^^^^^^^^^^^^^^^^^
  File "C:\Users\fortu\OneDrive\Documents\AUNRMS\venv\Lib\site-packages\django\template\response.py", line 111, in render
    self.content = self.rendered_content
                   ^^^^^^^^^^^^^^^^^^^^^
  File "C:\Users\fortu\OneDrive\Documents\AUNRMS\venv\Lib\site-packages\django\template\response.py", line 87, in rendered_content
    template = self.resolve_template(self.template_name)
               ^^^^^^^^^^^^^^^^^^^^^^^^^^^^^^^^^^^^^^^^^
  File "C:\Users\fortu\OneDrive\Documents\AUNRMS\venv\Lib\site-packages\django\template\response.py", line 69, in resolve_template
    return select_template(template, using=self.using)
           ^^^^^^^^^^^^^^^^^^^^^^^^^^^^^^^^^^^^^^^^^^^
  File "C:\Users\fortu\OneDrive\Documents\AUNRMS\venv\Lib\site-packages\django\template\loader.py", line 47, in select_template
    raise TemplateDoesNotExist(", ".join(template_name_list), chain=chain)
django.template.exceptions.TemplateDoesNotExist: registration/admin_login.html
ERROR 2024-09-18 19:11:03,046 basehttp "GET /admin/login/?next=/admin/ HTTP/1.1" 500 84181
INFO 2024-09-18 19:14:22,562 autoreload Watching for file changes with StatReloader
INFO 2024-09-18 19:14:26,385 basehttp "GET / HTTP/1.1" 200 24
INFO 2024-09-18 19:14:30,172 basehttp "GET /admin/ HTTP/1.1" 302 0
INFO 2024-09-18 19:14:30,205 basehttp "GET /admin/login/?next=/admin/ HTTP/1.1" 200 8414
ERROR 2024-09-18 19:14:57,249 authentication_backends User with email None does not exist
INFO 2024-09-18 19:14:57,256 basehttp "POST /admin/login/?next=/admin/ HTTP/1.1" 200 9159
INFO 2024-09-18 19:15:07,446 basehttp "POST /admin/login/?next=/admin/ HTTP/1.1" 302 0
INFO 2024-09-18 19:15:07,527 basehttp "GET /admin/ HTTP/1.1" 200 69223
INFO 2024-09-18 19:16:57,687 autoreload C:\Users\fortu\OneDrive\Documents\AUNRMS\RMS\UserProfiles\forms.py changed, reloading.
INFO 2024-09-18 19:16:58,442 autoreload Watching for file changes with StatReloader
INFO 2024-09-18 19:17:16,577 autoreload C:\Users\fortu\OneDrive\Documents\AUNRMS\RMS\UserProfiles\views.py changed, reloading.
INFO 2024-09-18 19:17:17,183 autoreload Watching for file changes with StatReloader
INFO 2024-09-18 19:17:22,764 autoreload C:\Users\fortu\OneDrive\Documents\AUNRMS\RMS\UserProfiles\views.py changed, reloading.
INFO 2024-09-18 19:17:23,438 autoreload Watching for file changes with StatReloader
INFO 2024-09-18 19:17:33,956 autoreload C:\Users\fortu\OneDrive\Documents\AUNRMS\RMS\UserProfiles\views.py changed, reloading.
INFO 2024-09-18 19:17:34,743 autoreload Watching for file changes with StatReloader
INFO 2024-09-18 19:17:52,587 autoreload C:\Users\fortu\OneDrive\Documents\AUNRMS\RMS\UserProfiles\views.py changed, reloading.
INFO 2024-09-18 19:17:53,167 autoreload Watching for file changes with StatReloader
INFO 2024-09-18 19:18:07,137 autoreload C:\Users\fortu\OneDrive\Documents\AUNRMS\RMS\UserProfiles\views.py changed, reloading.
INFO 2024-09-18 19:18:07,843 autoreload Watching for file changes with StatReloader
INFO 2024-09-18 19:18:34,336 autoreload C:\Users\fortu\OneDrive\Documents\AUNRMS\RMS\RMS\urls.py changed, reloading.
INFO 2024-09-18 19:18:35,106 autoreload Watching for file changes with StatReloader
INFO 2024-09-18 19:18:42,761 autoreload C:\Users\fortu\OneDrive\Documents\AUNRMS\RMS\RMS\urls.py changed, reloading.
INFO 2024-09-18 19:18:43,456 autoreload Watching for file changes with StatReloader
INFO 2024-09-18 19:19:15,997 autoreload C:\Users\fortu\OneDrive\Documents\AUNRMS\RMS\RMS\urls.py changed, reloading.
INFO 2024-09-18 19:19:16,648 autoreload Watching for file changes with StatReloader
INFO 2024-09-18 19:19:19,259 autoreload C:\Users\fortu\OneDrive\Documents\AUNRMS\RMS\UserProfiles\views.py changed, reloading.
INFO 2024-09-18 19:19:19,936 autoreload Watching for file changes with StatReloader
INFO 2024-09-18 19:19:54,899 autoreload Watching for file changes with StatReloader
INFO 2024-09-18 19:19:57,591 basehttp "GET / HTTP/1.1" 200 24
INFO 2024-09-18 19:20:00,892 basehttp "GET /admin/ HTTP/1.1" 200 69223
INFO 2024-09-18 19:20:05,378 basehttp "POST /admin/logout/ HTTP/1.1" 200 3369
INFO 2024-09-18 19:20:06,657 basehttp "GET /admin/ HTTP/1.1" 302 0
INFO 2024-09-18 19:20:06,677 basehttp "GET /admin/login/?next=/admin/ HTTP/1.1" 200 3459
ERROR 2024-09-18 19:20:32,940 authentication_backends User with email None does not exist
INFO 2024-09-18 19:20:32,947 basehttp "POST /admin/login/ HTTP/1.1" 200 3630
ERROR 2024-09-18 19:21:03,017 authentication_backends User with email None does not exist
INFO 2024-09-18 19:21:03,017 basehttp "POST /admin/login/ HTTP/1.1" 200 3630
INFO 2024-09-18 19:22:34,082 autoreload C:\Users\fortu\OneDrive\Documents\AUNRMS\RMS\UserProfiles\views.py changed, reloading.
INFO 2024-09-18 19:22:34,789 autoreload Watching for file changes with StatReloader
INFO 2024-09-18 19:23:08,337 autoreload C:\Users\fortu\OneDrive\Documents\AUNRMS\RMS\RMS\urls.py changed, reloading.
INFO 2024-09-18 19:23:08,896 autoreload Watching for file changes with StatReloader
INFO 2024-09-18 19:23:16,491 autoreload C:\Users\fortu\OneDrive\Documents\AUNRMS\RMS\RMS\urls.py changed, reloading.
INFO 2024-09-18 19:23:17,086 autoreload Watching for file changes with StatReloader
INFO 2024-09-18 19:23:24,816 autoreload C:\Users\fortu\OneDrive\Documents\AUNRMS\RMS\UserProfiles\views.py changed, reloading.
INFO 2024-09-18 19:23:25,448 autoreload Watching for file changes with StatReloader
INFO 2024-09-18 19:24:48,900 autoreload C:\Users\fortu\OneDrive\Documents\AUNRMS\RMS\RMS\urls.py changed, reloading.
INFO 2024-09-18 19:24:49,491 autoreload Watching for file changes with StatReloader
INFO 2024-09-18 19:24:56,052 autoreload Watching for file changes with StatReloader
INFO 2024-09-18 19:24:57,662 basehttp "GET / HTTP/1.1" 200 24
INFO 2024-09-18 19:25:03,376 basehttp "GET /admin/ HTTP/1.1" 302 0
INFO 2024-09-18 19:25:03,408 basehttp "GET /admin/login/?next=/admin/ HTTP/1.1" 200 3508
ERROR 2024-09-18 19:25:31,117 authentication_backends User with email None does not exist
INFO 2024-09-18 19:25:31,126 basehttp "POST /admin/login/ HTTP/1.1" 200 3679
INFO 2024-09-18 19:27:19,584 autoreload Watching for file changes with StatReloader
INFO 2024-09-18 19:27:20,936 basehttp "GET / HTTP/1.1" 200 24
INFO 2024-09-18 19:27:23,706 basehttp "GET /admin/ HTTP/1.1" 302 0
ERROR 2024-09-18 19:27:23,792 log Internal Server Error: /admin/login/
Traceback (most recent call last):
  File "C:\Users\fortu\OneDrive\Documents\AUNRMS\venv\Lib\site-packages\django\template\base.py", line 505, in parse
    compile_func = self.tags[command]
                   ~~~~~~~~~^^^^^^^^^
KeyError: 'trans'

During handling of the above exception, another exception occurred:

Traceback (most recent call last):
  File "C:\Users\fortu\OneDrive\Documents\AUNRMS\venv\Lib\site-packages\django\core\handlers\exception.py", line 55, in inner
    response = get_response(request)
               ^^^^^^^^^^^^^^^^^^^^^
  File "C:\Users\fortu\OneDrive\Documents\AUNRMS\venv\Lib\site-packages\django\core\handlers\base.py", line 220, in _get_response
    response = response.render()
               ^^^^^^^^^^^^^^^^^
  File "C:\Users\fortu\OneDrive\Documents\AUNRMS\venv\Lib\site-packages\django\template\response.py", line 111, in render
    self.content = self.rendered_content
                   ^^^^^^^^^^^^^^^^^^^^^
  File "C:\Users\fortu\OneDrive\Documents\AUNRMS\venv\Lib\site-packages\django\template\response.py", line 87, in rendered_content
    template = self.resolve_template(self.template_name)
               ^^^^^^^^^^^^^^^^^^^^^^^^^^^^^^^^^^^^^^^^^
  File "C:\Users\fortu\OneDrive\Documents\AUNRMS\venv\Lib\site-packages\django\template\response.py", line 69, in resolve_template
    return select_template(template, using=self.using)
           ^^^^^^^^^^^^^^^^^^^^^^^^^^^^^^^^^^^^^^^^^^^
  File "C:\Users\fortu\OneDrive\Documents\AUNRMS\venv\Lib\site-packages\django\template\loader.py", line 42, in select_template
    return engine.get_template(template_name)
           ^^^^^^^^^^^^^^^^^^^^^^^^^^^^^^^^^^
  File "C:\Users\fortu\OneDrive\Documents\AUNRMS\venv\Lib\site-packages\django\template\backends\django.py", line 33, in get_template
    return Template(self.engine.get_template(template_name), self)
                    ^^^^^^^^^^^^^^^^^^^^^^^^^^^^^^^^^^^^^^^
  File "C:\Users\fortu\OneDrive\Documents\AUNRMS\venv\Lib\site-packages\django\template\engine.py", line 175, in get_template
    template, origin = self.find_template(template_name)
                       ^^^^^^^^^^^^^^^^^^^^^^^^^^^^^^^^^
  File "C:\Users\fortu\OneDrive\Documents\AUNRMS\venv\Lib\site-packages\django\template\engine.py", line 157, in find_template
    template = loader.get_template(name, skip=skip)
               ^^^^^^^^^^^^^^^^^^^^^^^^^^^^^^^^^^^^
  File "C:\Users\fortu\OneDrive\Documents\AUNRMS\venv\Lib\site-packages\django\template\loaders\cached.py", line 57, in get_template
    template = super().get_template(template_name, skip)
               ^^^^^^^^^^^^^^^^^^^^^^^^^^^^^^^^^^^^^^^^^
  File "C:\Users\fortu\OneDrive\Documents\AUNRMS\venv\Lib\site-packages\django\template\loaders\base.py", line 28, in get_template
    return Template(
           ^^^^^^^^^
  File "C:\Users\fortu\OneDrive\Documents\AUNRMS\venv\Lib\site-packages\django\template\base.py", line 154, in __init__
    self.nodelist = self.compile_nodelist()
                    ^^^^^^^^^^^^^^^^^^^^^^^
  File "C:\Users\fortu\OneDrive\Documents\AUNRMS\venv\Lib\site-packages\django\template\base.py", line 200, in compile_nodelist
    return parser.parse()
           ^^^^^^^^^^^^^^
  File "C:\Users\fortu\OneDrive\Documents\AUNRMS\venv\Lib\site-packages\django\template\base.py", line 513, in parse
    raise self.error(token, e)
  File "C:\Users\fortu\OneDrive\Documents\AUNRMS\venv\Lib\site-packages\django\template\base.py", line 511, in parse
    compiled_result = compile_func(self, token)
                      ^^^^^^^^^^^^^^^^^^^^^^^^^
  File "C:\Users\fortu\OneDrive\Documents\AUNRMS\venv\Lib\site-packages\django\template\loader_tags.py", line 293, in do_extends
    nodelist = parser.parse()
               ^^^^^^^^^^^^^^
  File "C:\Users\fortu\OneDrive\Documents\AUNRMS\venv\Lib\site-packages\django\template\base.py", line 513, in parse
    raise self.error(token, e)
  File "C:\Users\fortu\OneDrive\Documents\AUNRMS\venv\Lib\site-packages\django\template\base.py", line 511, in parse
    compiled_result = compile_func(self, token)
                      ^^^^^^^^^^^^^^^^^^^^^^^^^
  File "C:\Users\fortu\OneDrive\Documents\AUNRMS\venv\Lib\site-packages\django\template\loader_tags.py", line 232, in do_block
    nodelist = parser.parse(("endblock",))
               ^^^^^^^^^^^^^^^^^^^^^^^^^^^
  File "C:\Users\fortu\OneDrive\Documents\AUNRMS\venv\Lib\site-packages\django\template\base.py", line 507, in parse
    self.invalid_block_tag(token, command, parse_until)
  File "C:\Users\fortu\OneDrive\Documents\AUNRMS\venv\Lib\site-packages\django\template\base.py", line 558, in invalid_block_tag
    raise self.error(
django.template.exceptions.TemplateSyntaxError: Invalid block tag on line 6: 'trans', expected 'endblock'. Did you forget to register or load this tag?
ERROR 2024-09-18 19:27:23,806 basehttp "GET /admin/login/?next=/admin/ HTTP/1.1" 500 171236
INFO 2024-09-18 19:27:25,126 basehttp "GET /admin/ HTTP/1.1" 302 0
ERROR 2024-09-18 19:27:25,166 log Internal Server Error: /admin/login/
Traceback (most recent call last):
  File "C:\Users\fortu\OneDrive\Documents\AUNRMS\venv\Lib\site-packages\django\template\base.py", line 505, in parse
    compile_func = self.tags[command]
                   ~~~~~~~~~^^^^^^^^^
KeyError: 'trans'

During handling of the above exception, another exception occurred:

Traceback (most recent call last):
  File "C:\Users\fortu\OneDrive\Documents\AUNRMS\venv\Lib\site-packages\django\core\handlers\exception.py", line 55, in inner
    response = get_response(request)
               ^^^^^^^^^^^^^^^^^^^^^
  File "C:\Users\fortu\OneDrive\Documents\AUNRMS\venv\Lib\site-packages\django\core\handlers\base.py", line 220, in _get_response
    response = response.render()
               ^^^^^^^^^^^^^^^^^
  File "C:\Users\fortu\OneDrive\Documents\AUNRMS\venv\Lib\site-packages\django\template\response.py", line 111, in render
    self.content = self.rendered_content
                   ^^^^^^^^^^^^^^^^^^^^^
  File "C:\Users\fortu\OneDrive\Documents\AUNRMS\venv\Lib\site-packages\django\template\response.py", line 87, in rendered_content
    template = self.resolve_template(self.template_name)
               ^^^^^^^^^^^^^^^^^^^^^^^^^^^^^^^^^^^^^^^^^
  File "C:\Users\fortu\OneDrive\Documents\AUNRMS\venv\Lib\site-packages\django\template\response.py", line 69, in resolve_template
    return select_template(template, using=self.using)
           ^^^^^^^^^^^^^^^^^^^^^^^^^^^^^^^^^^^^^^^^^^^
  File "C:\Users\fortu\OneDrive\Documents\AUNRMS\venv\Lib\site-packages\django\template\loader.py", line 42, in select_template
    return engine.get_template(template_name)
           ^^^^^^^^^^^^^^^^^^^^^^^^^^^^^^^^^^
  File "C:\Users\fortu\OneDrive\Documents\AUNRMS\venv\Lib\site-packages\django\template\backends\django.py", line 33, in get_template
    return Template(self.engine.get_template(template_name), self)
                    ^^^^^^^^^^^^^^^^^^^^^^^^^^^^^^^^^^^^^^^
  File "C:\Users\fortu\OneDrive\Documents\AUNRMS\venv\Lib\site-packages\django\template\engine.py", line 175, in get_template
    template, origin = self.find_template(template_name)
                       ^^^^^^^^^^^^^^^^^^^^^^^^^^^^^^^^^
  File "C:\Users\fortu\OneDrive\Documents\AUNRMS\venv\Lib\site-packages\django\template\engine.py", line 157, in find_template
    template = loader.get_template(name, skip=skip)
               ^^^^^^^^^^^^^^^^^^^^^^^^^^^^^^^^^^^^
  File "C:\Users\fortu\OneDrive\Documents\AUNRMS\venv\Lib\site-packages\django\template\loaders\cached.py", line 57, in get_template
    template = super().get_template(template_name, skip)
               ^^^^^^^^^^^^^^^^^^^^^^^^^^^^^^^^^^^^^^^^^
  File "C:\Users\fortu\OneDrive\Documents\AUNRMS\venv\Lib\site-packages\django\template\loaders\base.py", line 28, in get_template
    return Template(
           ^^^^^^^^^
  File "C:\Users\fortu\OneDrive\Documents\AUNRMS\venv\Lib\site-packages\django\template\base.py", line 154, in __init__
    self.nodelist = self.compile_nodelist()
                    ^^^^^^^^^^^^^^^^^^^^^^^
  File "C:\Users\fortu\OneDrive\Documents\AUNRMS\venv\Lib\site-packages\django\template\base.py", line 200, in compile_nodelist
    return parser.parse()
           ^^^^^^^^^^^^^^
  File "C:\Users\fortu\OneDrive\Documents\AUNRMS\venv\Lib\site-packages\django\template\base.py", line 513, in parse
    raise self.error(token, e)
  File "C:\Users\fortu\OneDrive\Documents\AUNRMS\venv\Lib\site-packages\django\template\base.py", line 511, in parse
    compiled_result = compile_func(self, token)
                      ^^^^^^^^^^^^^^^^^^^^^^^^^
  File "C:\Users\fortu\OneDrive\Documents\AUNRMS\venv\Lib\site-packages\django\template\loader_tags.py", line 293, in do_extends
    nodelist = parser.parse()
               ^^^^^^^^^^^^^^
  File "C:\Users\fortu\OneDrive\Documents\AUNRMS\venv\Lib\site-packages\django\template\base.py", line 513, in parse
    raise self.error(token, e)
  File "C:\Users\fortu\OneDrive\Documents\AUNRMS\venv\Lib\site-packages\django\template\base.py", line 511, in parse
    compiled_result = compile_func(self, token)
                      ^^^^^^^^^^^^^^^^^^^^^^^^^
  File "C:\Users\fortu\OneDrive\Documents\AUNRMS\venv\Lib\site-packages\django\template\loader_tags.py", line 232, in do_block
    nodelist = parser.parse(("endblock",))
               ^^^^^^^^^^^^^^^^^^^^^^^^^^^
  File "C:\Users\fortu\OneDrive\Documents\AUNRMS\venv\Lib\site-packages\django\template\base.py", line 507, in parse
    self.invalid_block_tag(token, command, parse_until)
  File "C:\Users\fortu\OneDrive\Documents\AUNRMS\venv\Lib\site-packages\django\template\base.py", line 558, in invalid_block_tag
    raise self.error(
django.template.exceptions.TemplateSyntaxError: Invalid block tag on line 6: 'trans', expected 'endblock'. Did you forget to register or load this tag?
ERROR 2024-09-18 19:27:25,184 basehttp "GET /admin/login/?next=/admin/ HTTP/1.1" 500 170962
INFO 2024-09-18 19:28:22,590 autoreload C:\Users\fortu\OneDrive\Documents\AUNRMS\RMS\RMS\settings.py changed, reloading.
INFO 2024-09-18 19:28:23,288 autoreload Watching for file changes with StatReloader
ERROR 2024-09-18 19:28:30,321 authentication_backends User with email None does not exist
ERROR 2024-09-18 19:28:30,366 log Internal Server Error: /admin/login/
Traceback (most recent call last):
  File "C:\Users\fortu\OneDrive\Documents\AUNRMS\venv\Lib\site-packages\django\template\base.py", line 505, in parse
    compile_func = self.tags[command]
                   ~~~~~~~~~^^^^^^^^^
KeyError: 'trans'

During handling of the above exception, another exception occurred:

Traceback (most recent call last):
  File "C:\Users\fortu\OneDrive\Documents\AUNRMS\venv\Lib\site-packages\django\core\handlers\exception.py", line 55, in inner
    response = get_response(request)
               ^^^^^^^^^^^^^^^^^^^^^
  File "C:\Users\fortu\OneDrive\Documents\AUNRMS\venv\Lib\site-packages\django\core\handlers\base.py", line 220, in _get_response
    response = response.render()
               ^^^^^^^^^^^^^^^^^
  File "C:\Users\fortu\OneDrive\Documents\AUNRMS\venv\Lib\site-packages\django\template\response.py", line 111, in render
    self.content = self.rendered_content
                   ^^^^^^^^^^^^^^^^^^^^^
  File "C:\Users\fortu\OneDrive\Documents\AUNRMS\venv\Lib\site-packages\django\template\response.py", line 87, in rendered_content
    template = self.resolve_template(self.template_name)
               ^^^^^^^^^^^^^^^^^^^^^^^^^^^^^^^^^^^^^^^^^
  File "C:\Users\fortu\OneDrive\Documents\AUNRMS\venv\Lib\site-packages\django\template\response.py", line 69, in resolve_template
    return select_template(template, using=self.using)
           ^^^^^^^^^^^^^^^^^^^^^^^^^^^^^^^^^^^^^^^^^^^
  File "C:\Users\fortu\OneDrive\Documents\AUNRMS\venv\Lib\site-packages\django\template\loader.py", line 42, in select_template
    return engine.get_template(template_name)
           ^^^^^^^^^^^^^^^^^^^^^^^^^^^^^^^^^^
  File "C:\Users\fortu\OneDrive\Documents\AUNRMS\venv\Lib\site-packages\django\template\backends\django.py", line 33, in get_template
    return Template(self.engine.get_template(template_name), self)
                    ^^^^^^^^^^^^^^^^^^^^^^^^^^^^^^^^^^^^^^^
  File "C:\Users\fortu\OneDrive\Documents\AUNRMS\venv\Lib\site-packages\django\template\engine.py", line 175, in get_template
    template, origin = self.find_template(template_name)
                       ^^^^^^^^^^^^^^^^^^^^^^^^^^^^^^^^^
  File "C:\Users\fortu\OneDrive\Documents\AUNRMS\venv\Lib\site-packages\django\template\engine.py", line 157, in find_template
    template = loader.get_template(name, skip=skip)
               ^^^^^^^^^^^^^^^^^^^^^^^^^^^^^^^^^^^^
  File "C:\Users\fortu\OneDrive\Documents\AUNRMS\venv\Lib\site-packages\django\template\loaders\cached.py", line 57, in get_template
    template = super().get_template(template_name, skip)
               ^^^^^^^^^^^^^^^^^^^^^^^^^^^^^^^^^^^^^^^^^
  File "C:\Users\fortu\OneDrive\Documents\AUNRMS\venv\Lib\site-packages\django\template\loaders\base.py", line 28, in get_template
    return Template(
           ^^^^^^^^^
  File "C:\Users\fortu\OneDrive\Documents\AUNRMS\venv\Lib\site-packages\django\template\base.py", line 154, in __init__
    self.nodelist = self.compile_nodelist()
                    ^^^^^^^^^^^^^^^^^^^^^^^
  File "C:\Users\fortu\OneDrive\Documents\AUNRMS\venv\Lib\site-packages\django\template\base.py", line 200, in compile_nodelist
    return parser.parse()
           ^^^^^^^^^^^^^^
  File "C:\Users\fortu\OneDrive\Documents\AUNRMS\venv\Lib\site-packages\django\template\base.py", line 513, in parse
    raise self.error(token, e)
  File "C:\Users\fortu\OneDrive\Documents\AUNRMS\venv\Lib\site-packages\django\template\base.py", line 511, in parse
    compiled_result = compile_func(self, token)
                      ^^^^^^^^^^^^^^^^^^^^^^^^^
  File "C:\Users\fortu\OneDrive\Documents\AUNRMS\venv\Lib\site-packages\django\template\loader_tags.py", line 293, in do_extends
    nodelist = parser.parse()
               ^^^^^^^^^^^^^^
  File "C:\Users\fortu\OneDrive\Documents\AUNRMS\venv\Lib\site-packages\django\template\base.py", line 513, in parse
    raise self.error(token, e)
  File "C:\Users\fortu\OneDrive\Documents\AUNRMS\venv\Lib\site-packages\django\template\base.py", line 511, in parse
    compiled_result = compile_func(self, token)
                      ^^^^^^^^^^^^^^^^^^^^^^^^^
  File "C:\Users\fortu\OneDrive\Documents\AUNRMS\venv\Lib\site-packages\django\template\loader_tags.py", line 232, in do_block
    nodelist = parser.parse(("endblock",))
               ^^^^^^^^^^^^^^^^^^^^^^^^^^^
  File "C:\Users\fortu\OneDrive\Documents\AUNRMS\venv\Lib\site-packages\django\template\base.py", line 507, in parse
    self.invalid_block_tag(token, command, parse_until)
  File "C:\Users\fortu\OneDrive\Documents\AUNRMS\venv\Lib\site-packages\django\template\base.py", line 558, in invalid_block_tag
    raise self.error(
django.template.exceptions.TemplateSyntaxError: Invalid block tag on line 6: 'trans', expected 'endblock'. Did you forget to register or load this tag?
ERROR 2024-09-18 19:28:30,388 basehttp "POST /admin/login/ HTTP/1.1" 500 171974
INFO 2024-09-18 19:28:42,183 autoreload Watching for file changes with StatReloader
INFO 2024-09-18 19:28:46,276 basehttp "GET / HTTP/1.1" 200 24
INFO 2024-09-18 19:28:49,429 basehttp "GET /admin/ HTTP/1.1" 302 0
ERROR 2024-09-18 19:28:49,495 log Internal Server Error: /admin/login/
Traceback (most recent call last):
  File "C:\Users\fortu\OneDrive\Documents\AUNRMS\venv\Lib\site-packages\django\template\base.py", line 505, in parse
    compile_func = self.tags[command]
                   ~~~~~~~~~^^^^^^^^^
KeyError: 'trans'

During handling of the above exception, another exception occurred:

Traceback (most recent call last):
  File "C:\Users\fortu\OneDrive\Documents\AUNRMS\venv\Lib\site-packages\django\core\handlers\exception.py", line 55, in inner
    response = get_response(request)
               ^^^^^^^^^^^^^^^^^^^^^
  File "C:\Users\fortu\OneDrive\Documents\AUNRMS\venv\Lib\site-packages\django\core\handlers\base.py", line 220, in _get_response
    response = response.render()
               ^^^^^^^^^^^^^^^^^
  File "C:\Users\fortu\OneDrive\Documents\AUNRMS\venv\Lib\site-packages\django\template\response.py", line 111, in render
    self.content = self.rendered_content
                   ^^^^^^^^^^^^^^^^^^^^^
  File "C:\Users\fortu\OneDrive\Documents\AUNRMS\venv\Lib\site-packages\django\template\response.py", line 87, in rendered_content
    template = self.resolve_template(self.template_name)
               ^^^^^^^^^^^^^^^^^^^^^^^^^^^^^^^^^^^^^^^^^
  File "C:\Users\fortu\OneDrive\Documents\AUNRMS\venv\Lib\site-packages\django\template\response.py", line 69, in resolve_template
    return select_template(template, using=self.using)
           ^^^^^^^^^^^^^^^^^^^^^^^^^^^^^^^^^^^^^^^^^^^
  File "C:\Users\fortu\OneDrive\Documents\AUNRMS\venv\Lib\site-packages\django\template\loader.py", line 42, in select_template
    return engine.get_template(template_name)
           ^^^^^^^^^^^^^^^^^^^^^^^^^^^^^^^^^^
  File "C:\Users\fortu\OneDrive\Documents\AUNRMS\venv\Lib\site-packages\django\template\backends\django.py", line 33, in get_template
    return Template(self.engine.get_template(template_name), self)
                    ^^^^^^^^^^^^^^^^^^^^^^^^^^^^^^^^^^^^^^^
  File "C:\Users\fortu\OneDrive\Documents\AUNRMS\venv\Lib\site-packages\django\template\engine.py", line 175, in get_template
    template, origin = self.find_template(template_name)
                       ^^^^^^^^^^^^^^^^^^^^^^^^^^^^^^^^^
  File "C:\Users\fortu\OneDrive\Documents\AUNRMS\venv\Lib\site-packages\django\template\engine.py", line 157, in find_template
    template = loader.get_template(name, skip=skip)
               ^^^^^^^^^^^^^^^^^^^^^^^^^^^^^^^^^^^^
  File "C:\Users\fortu\OneDrive\Documents\AUNRMS\venv\Lib\site-packages\django\template\loaders\cached.py", line 57, in get_template
    template = super().get_template(template_name, skip)
               ^^^^^^^^^^^^^^^^^^^^^^^^^^^^^^^^^^^^^^^^^
  File "C:\Users\fortu\OneDrive\Documents\AUNRMS\venv\Lib\site-packages\django\template\loaders\base.py", line 28, in get_template
    return Template(
           ^^^^^^^^^
  File "C:\Users\fortu\OneDrive\Documents\AUNRMS\venv\Lib\site-packages\django\template\base.py", line 154, in __init__
    self.nodelist = self.compile_nodelist()
                    ^^^^^^^^^^^^^^^^^^^^^^^
  File "C:\Users\fortu\OneDrive\Documents\AUNRMS\venv\Lib\site-packages\django\template\base.py", line 200, in compile_nodelist
    return parser.parse()
           ^^^^^^^^^^^^^^
  File "C:\Users\fortu\OneDrive\Documents\AUNRMS\venv\Lib\site-packages\django\template\base.py", line 513, in parse
    raise self.error(token, e)
  File "C:\Users\fortu\OneDrive\Documents\AUNRMS\venv\Lib\site-packages\django\template\base.py", line 511, in parse
    compiled_result = compile_func(self, token)
                      ^^^^^^^^^^^^^^^^^^^^^^^^^
  File "C:\Users\fortu\OneDrive\Documents\AUNRMS\venv\Lib\site-packages\django\template\loader_tags.py", line 293, in do_extends
    nodelist = parser.parse()
               ^^^^^^^^^^^^^^
  File "C:\Users\fortu\OneDrive\Documents\AUNRMS\venv\Lib\site-packages\django\template\base.py", line 513, in parse
    raise self.error(token, e)
  File "C:\Users\fortu\OneDrive\Documents\AUNRMS\venv\Lib\site-packages\django\template\base.py", line 511, in parse
    compiled_result = compile_func(self, token)
                      ^^^^^^^^^^^^^^^^^^^^^^^^^
  File "C:\Users\fortu\OneDrive\Documents\AUNRMS\venv\Lib\site-packages\django\template\loader_tags.py", line 232, in do_block
    nodelist = parser.parse(("endblock",))
               ^^^^^^^^^^^^^^^^^^^^^^^^^^^
  File "C:\Users\fortu\OneDrive\Documents\AUNRMS\venv\Lib\site-packages\django\template\base.py", line 507, in parse
    self.invalid_block_tag(token, command, parse_until)
  File "C:\Users\fortu\OneDrive\Documents\AUNRMS\venv\Lib\site-packages\django\template\base.py", line 558, in invalid_block_tag
    raise self.error(
django.template.exceptions.TemplateSyntaxError: Invalid block tag on line 6: 'trans', expected 'endblock'. Did you forget to register or load this tag?
ERROR 2024-09-18 19:28:49,503 basehttp "GET /admin/login/?next=/admin/ HTTP/1.1" 500 171485
WARNING 2024-09-18 19:28:51,309 log Not Found: /years
WARNING 2024-09-18 19:28:51,309 basehttp "GET /years HTTP/1.1" 404 2920
INFO 2024-09-18 19:28:58,212 basehttp "GET /year HTTP/1.1" 301 0
INFO 2024-09-18 19:28:58,216 basehttp "GET /year/ HTTP/1.1" 200 25
INFO 2024-09-18 19:29:04,864 basehttp "GET /dorms HTTP/1.1" 301 0
INFO 2024-09-18 19:29:04,866 basehttp "GET /dorms/ HTTP/1.1" 200 25
WARNING 2024-09-18 19:29:10,267 log Not Found: /dormss
WARNING 2024-09-18 19:29:10,267 basehttp "GET /dormss HTTP/1.1" 404 2923
INFO 2024-09-18 19:29:19,686 basehttp "GET /operations HTTP/1.1" 301 0
INFO 2024-09-18 19:29:19,692 basehttp "GET /operations/ HTTP/1.1" 200 30
INFO 2024-09-18 19:29:22,296 basehttp "GET /admin/ HTTP/1.1" 302 0
ERROR 2024-09-18 19:29:22,347 log Internal Server Error: /admin/login/
Traceback (most recent call last):
  File "C:\Users\fortu\OneDrive\Documents\AUNRMS\venv\Lib\site-packages\django\template\base.py", line 505, in parse
    compile_func = self.tags[command]
                   ~~~~~~~~~^^^^^^^^^
KeyError: 'trans'

During handling of the above exception, another exception occurred:

Traceback (most recent call last):
  File "C:\Users\fortu\OneDrive\Documents\AUNRMS\venv\Lib\site-packages\django\core\handlers\exception.py", line 55, in inner
    response = get_response(request)
               ^^^^^^^^^^^^^^^^^^^^^
  File "C:\Users\fortu\OneDrive\Documents\AUNRMS\venv\Lib\site-packages\django\core\handlers\base.py", line 220, in _get_response
    response = response.render()
               ^^^^^^^^^^^^^^^^^
  File "C:\Users\fortu\OneDrive\Documents\AUNRMS\venv\Lib\site-packages\django\template\response.py", line 111, in render
    self.content = self.rendered_content
                   ^^^^^^^^^^^^^^^^^^^^^
  File "C:\Users\fortu\OneDrive\Documents\AUNRMS\venv\Lib\site-packages\django\template\response.py", line 87, in rendered_content
    template = self.resolve_template(self.template_name)
               ^^^^^^^^^^^^^^^^^^^^^^^^^^^^^^^^^^^^^^^^^
  File "C:\Users\fortu\OneDrive\Documents\AUNRMS\venv\Lib\site-packages\django\template\response.py", line 69, in resolve_template
    return select_template(template, using=self.using)
           ^^^^^^^^^^^^^^^^^^^^^^^^^^^^^^^^^^^^^^^^^^^
  File "C:\Users\fortu\OneDrive\Documents\AUNRMS\venv\Lib\site-packages\django\template\loader.py", line 42, in select_template
    return engine.get_template(template_name)
           ^^^^^^^^^^^^^^^^^^^^^^^^^^^^^^^^^^
  File "C:\Users\fortu\OneDrive\Documents\AUNRMS\venv\Lib\site-packages\django\template\backends\django.py", line 33, in get_template
    return Template(self.engine.get_template(template_name), self)
                    ^^^^^^^^^^^^^^^^^^^^^^^^^^^^^^^^^^^^^^^
  File "C:\Users\fortu\OneDrive\Documents\AUNRMS\venv\Lib\site-packages\django\template\engine.py", line 175, in get_template
    template, origin = self.find_template(template_name)
                       ^^^^^^^^^^^^^^^^^^^^^^^^^^^^^^^^^
  File "C:\Users\fortu\OneDrive\Documents\AUNRMS\venv\Lib\site-packages\django\template\engine.py", line 157, in find_template
    template = loader.get_template(name, skip=skip)
               ^^^^^^^^^^^^^^^^^^^^^^^^^^^^^^^^^^^^
  File "C:\Users\fortu\OneDrive\Documents\AUNRMS\venv\Lib\site-packages\django\template\loaders\cached.py", line 57, in get_template
    template = super().get_template(template_name, skip)
               ^^^^^^^^^^^^^^^^^^^^^^^^^^^^^^^^^^^^^^^^^
  File "C:\Users\fortu\OneDrive\Documents\AUNRMS\venv\Lib\site-packages\django\template\loaders\base.py", line 28, in get_template
    return Template(
           ^^^^^^^^^
  File "C:\Users\fortu\OneDrive\Documents\AUNRMS\venv\Lib\site-packages\django\template\base.py", line 154, in __init__
    self.nodelist = self.compile_nodelist()
                    ^^^^^^^^^^^^^^^^^^^^^^^
  File "C:\Users\fortu\OneDrive\Documents\AUNRMS\venv\Lib\site-packages\django\template\base.py", line 200, in compile_nodelist
    return parser.parse()
           ^^^^^^^^^^^^^^
  File "C:\Users\fortu\OneDrive\Documents\AUNRMS\venv\Lib\site-packages\django\template\base.py", line 513, in parse
    raise self.error(token, e)
  File "C:\Users\fortu\OneDrive\Documents\AUNRMS\venv\Lib\site-packages\django\template\base.py", line 511, in parse
    compiled_result = compile_func(self, token)
                      ^^^^^^^^^^^^^^^^^^^^^^^^^
  File "C:\Users\fortu\OneDrive\Documents\AUNRMS\venv\Lib\site-packages\django\template\loader_tags.py", line 293, in do_extends
    nodelist = parser.parse()
               ^^^^^^^^^^^^^^
  File "C:\Users\fortu\OneDrive\Documents\AUNRMS\venv\Lib\site-packages\django\template\base.py", line 513, in parse
    raise self.error(token, e)
  File "C:\Users\fortu\OneDrive\Documents\AUNRMS\venv\Lib\site-packages\django\template\base.py", line 511, in parse
    compiled_result = compile_func(self, token)
                      ^^^^^^^^^^^^^^^^^^^^^^^^^
  File "C:\Users\fortu\OneDrive\Documents\AUNRMS\venv\Lib\site-packages\django\template\loader_tags.py", line 232, in do_block
    nodelist = parser.parse(("endblock",))
               ^^^^^^^^^^^^^^^^^^^^^^^^^^^
  File "C:\Users\fortu\OneDrive\Documents\AUNRMS\venv\Lib\site-packages\django\template\base.py", line 507, in parse
    self.invalid_block_tag(token, command, parse_until)
  File "C:\Users\fortu\OneDrive\Documents\AUNRMS\venv\Lib\site-packages\django\template\base.py", line 558, in invalid_block_tag
    raise self.error(
django.template.exceptions.TemplateSyntaxError: Invalid block tag on line 6: 'trans', expected 'endblock'. Did you forget to register or load this tag?
ERROR 2024-09-18 19:29:22,361 basehttp "GET /admin/login/?next=/admin/ HTTP/1.1" 500 171485
INFO 2024-09-18 19:29:23,234 basehttp "GET /admin/ HTTP/1.1" 302 0
ERROR 2024-09-18 19:29:23,266 log Internal Server Error: /admin/login/
Traceback (most recent call last):
  File "C:\Users\fortu\OneDrive\Documents\AUNRMS\venv\Lib\site-packages\django\template\base.py", line 505, in parse
    compile_func = self.tags[command]
                   ~~~~~~~~~^^^^^^^^^
KeyError: 'trans'

During handling of the above exception, another exception occurred:

Traceback (most recent call last):
  File "C:\Users\fortu\OneDrive\Documents\AUNRMS\venv\Lib\site-packages\django\core\handlers\exception.py", line 55, in inner
    response = get_response(request)
               ^^^^^^^^^^^^^^^^^^^^^
  File "C:\Users\fortu\OneDrive\Documents\AUNRMS\venv\Lib\site-packages\django\core\handlers\base.py", line 220, in _get_response
    response = response.render()
               ^^^^^^^^^^^^^^^^^
  File "C:\Users\fortu\OneDrive\Documents\AUNRMS\venv\Lib\site-packages\django\template\response.py", line 111, in render
    self.content = self.rendered_content
                   ^^^^^^^^^^^^^^^^^^^^^
  File "C:\Users\fortu\OneDrive\Documents\AUNRMS\venv\Lib\site-packages\django\template\response.py", line 87, in rendered_content
    template = self.resolve_template(self.template_name)
               ^^^^^^^^^^^^^^^^^^^^^^^^^^^^^^^^^^^^^^^^^
  File "C:\Users\fortu\OneDrive\Documents\AUNRMS\venv\Lib\site-packages\django\template\response.py", line 69, in resolve_template
    return select_template(template, using=self.using)
           ^^^^^^^^^^^^^^^^^^^^^^^^^^^^^^^^^^^^^^^^^^^
  File "C:\Users\fortu\OneDrive\Documents\AUNRMS\venv\Lib\site-packages\django\template\loader.py", line 42, in select_template
    return engine.get_template(template_name)
           ^^^^^^^^^^^^^^^^^^^^^^^^^^^^^^^^^^
  File "C:\Users\fortu\OneDrive\Documents\AUNRMS\venv\Lib\site-packages\django\template\backends\django.py", line 33, in get_template
    return Template(self.engine.get_template(template_name), self)
                    ^^^^^^^^^^^^^^^^^^^^^^^^^^^^^^^^^^^^^^^
  File "C:\Users\fortu\OneDrive\Documents\AUNRMS\venv\Lib\site-packages\django\template\engine.py", line 175, in get_template
    template, origin = self.find_template(template_name)
                       ^^^^^^^^^^^^^^^^^^^^^^^^^^^^^^^^^
  File "C:\Users\fortu\OneDrive\Documents\AUNRMS\venv\Lib\site-packages\django\template\engine.py", line 157, in find_template
    template = loader.get_template(name, skip=skip)
               ^^^^^^^^^^^^^^^^^^^^^^^^^^^^^^^^^^^^
  File "C:\Users\fortu\OneDrive\Documents\AUNRMS\venv\Lib\site-packages\django\template\loaders\cached.py", line 57, in get_template
    template = super().get_template(template_name, skip)
               ^^^^^^^^^^^^^^^^^^^^^^^^^^^^^^^^^^^^^^^^^
  File "C:\Users\fortu\OneDrive\Documents\AUNRMS\venv\Lib\site-packages\django\template\loaders\base.py", line 28, in get_template
    return Template(
           ^^^^^^^^^
  File "C:\Users\fortu\OneDrive\Documents\AUNRMS\venv\Lib\site-packages\django\template\base.py", line 154, in __init__
    self.nodelist = self.compile_nodelist()
                    ^^^^^^^^^^^^^^^^^^^^^^^
  File "C:\Users\fortu\OneDrive\Documents\AUNRMS\venv\Lib\site-packages\django\template\base.py", line 200, in compile_nodelist
    return parser.parse()
           ^^^^^^^^^^^^^^
  File "C:\Users\fortu\OneDrive\Documents\AUNRMS\venv\Lib\site-packages\django\template\base.py", line 513, in parse
    raise self.error(token, e)
  File "C:\Users\fortu\OneDrive\Documents\AUNRMS\venv\Lib\site-packages\django\template\base.py", line 511, in parse
    compiled_result = compile_func(self, token)
                      ^^^^^^^^^^^^^^^^^^^^^^^^^
  File "C:\Users\fortu\OneDrive\Documents\AUNRMS\venv\Lib\site-packages\django\template\loader_tags.py", line 293, in do_extends
    nodelist = parser.parse()
               ^^^^^^^^^^^^^^
  File "C:\Users\fortu\OneDrive\Documents\AUNRMS\venv\Lib\site-packages\django\template\base.py", line 513, in parse
    raise self.error(token, e)
  File "C:\Users\fortu\OneDrive\Documents\AUNRMS\venv\Lib\site-packages\django\template\base.py", line 511, in parse
    compiled_result = compile_func(self, token)
                      ^^^^^^^^^^^^^^^^^^^^^^^^^
  File "C:\Users\fortu\OneDrive\Documents\AUNRMS\venv\Lib\site-packages\django\template\loader_tags.py", line 232, in do_block
    nodelist = parser.parse(("endblock",))
               ^^^^^^^^^^^^^^^^^^^^^^^^^^^
  File "C:\Users\fortu\OneDrive\Documents\AUNRMS\venv\Lib\site-packages\django\template\base.py", line 507, in parse
    self.invalid_block_tag(token, command, parse_until)
  File "C:\Users\fortu\OneDrive\Documents\AUNRMS\venv\Lib\site-packages\django\template\base.py", line 558, in invalid_block_tag
    raise self.error(
django.template.exceptions.TemplateSyntaxError: Invalid block tag on line 6: 'trans', expected 'endblock'. Did you forget to register or load this tag?
ERROR 2024-09-18 19:29:23,289 basehttp "GET /admin/login/?next=/admin/ HTTP/1.1" 500 171211
INFO 2024-09-18 19:30:15,367 autoreload Watching for file changes with StatReloader
INFO 2024-09-18 19:30:17,111 basehttp "GET / HTTP/1.1" 200 24
INFO 2024-09-18 19:30:22,409 basehttp "GET /admin/ HTTP/1.1" 302 0
INFO 2024-09-18 19:30:22,441 basehttp "GET /admin/login/?next=/admin/ HTTP/1.1" 200 3525
INFO 2024-09-18 19:30:41,767 basehttp "GET /admin/ HTTP/1.1" 302 0
INFO 2024-09-18 19:30:41,781 basehttp "GET /admin/login/?next=/admin/ HTTP/1.1" 200 3525
ERROR 2024-09-18 19:31:00,181 authentication_backends User with email None does not exist
INFO 2024-09-18 19:31:00,192 basehttp "POST /admin/login/ HTTP/1.1" 200 3696
INFO 2024-09-18 19:43:14,059 autoreload Watching for file changes with StatReloader
INFO 2024-09-18 19:43:15,774 basehttp "GET / HTTP/1.1" 200 24
INFO 2024-09-18 19:43:21,046 basehttp "GET /admin/ HTTP/1.1" 302 0
INFO 2024-09-18 19:43:21,094 basehttp "GET /admin/login/?next=/admin/ HTTP/1.1" 200 7750
ERROR 2024-09-18 19:43:41,116 authentication_backends User with email None does not exist
INFO 2024-09-18 19:43:41,124 basehttp "POST /admin/login/ HTTP/1.1" 200 7929
ERROR 2024-09-18 19:44:04,334 authentication_backends User with email None does not exist
INFO 2024-09-18 19:44:04,340 basehttp "POST /admin/login/ HTTP/1.1" 200 7929
INFO 2024-09-18 19:44:17,006 autoreload C:\Users\fortu\OneDrive\Documents\AUNRMS\RMS\UserProfiles\views.py changed, reloading.
INFO 2024-09-18 19:44:17,665 autoreload Watching for file changes with StatReloader
INFO 2024-09-18 19:44:30,477 autoreload C:\Users\fortu\OneDrive\Documents\AUNRMS\RMS\RMS\urls.py changed, reloading.
INFO 2024-09-18 19:44:31,107 autoreload Watching for file changes with StatReloader
ERROR 2024-09-18 19:44:35,150 authentication_backends User with email None does not exist
ERROR 2024-09-18 19:44:35,180 log Internal Server Error: /admin/login/
Traceback (most recent call last):
  File "C:\Users\fortu\OneDrive\Documents\AUNRMS\venv\Lib\site-packages\django\core\handlers\exception.py", line 55, in inner
    response = get_response(request)
               ^^^^^^^^^^^^^^^^^^^^^
  File "C:\Users\fortu\OneDrive\Documents\AUNRMS\venv\Lib\site-packages\django\core\handlers\base.py", line 220, in _get_response
    response = response.render()
               ^^^^^^^^^^^^^^^^^
  File "C:\Users\fortu\OneDrive\Documents\AUNRMS\venv\Lib\site-packages\django\template\response.py", line 111, in render
    self.content = self.rendered_content
                   ^^^^^^^^^^^^^^^^^^^^^
  File "C:\Users\fortu\OneDrive\Documents\AUNRMS\venv\Lib\site-packages\django\template\response.py", line 87, in rendered_content
    template = self.resolve_template(self.template_name)
               ^^^^^^^^^^^^^^^^^^^^^^^^^^^^^^^^^^^^^^^^^
  File "C:\Users\fortu\OneDrive\Documents\AUNRMS\venv\Lib\site-packages\django\template\response.py", line 69, in resolve_template
    return select_template(template, using=self.using)
           ^^^^^^^^^^^^^^^^^^^^^^^^^^^^^^^^^^^^^^^^^^^
  File "C:\Users\fortu\OneDrive\Documents\AUNRMS\venv\Lib\site-packages\django\template\loader.py", line 47, in select_template
    raise TemplateDoesNotExist(", ".join(template_name_list), chain=chain)
django.template.exceptions.TemplateDoesNotExist: registration/admin_login.html
ERROR 2024-09-18 19:44:35,189 basehttp "POST /admin/login/ HTTP/1.1" 500 85036
INFO 2024-09-18 19:44:43,166 autoreload C:\Users\fortu\OneDrive\Documents\AUNRMS\RMS\RMS\urls.py changed, reloading.
INFO 2024-09-18 19:44:43,740 autoreload Watching for file changes with StatReloader
ERROR 2024-09-18 19:44:47,189 authentication_backends User with email None does not exist
INFO 2024-09-18 19:44:47,208 basehttp "POST /admin/login/ HTTP/1.1" 200 9129
ERROR 2024-09-18 19:44:53,276 authentication_backends User with email None does not exist
INFO 2024-09-18 19:44:53,276 basehttp "POST /admin/login/ HTTP/1.1" 200 9129
INFO 2024-09-18 19:45:00,236 basehttp "GET / HTTP/1.1" 200 24
INFO 2024-09-18 19:45:03,225 basehttp "GET /admin/ HTTP/1.1" 302 0
INFO 2024-09-18 19:45:03,243 basehttp "GET /admin/login/?next=/admin/ HTTP/1.1" 200 8411
ERROR 2024-09-18 19:45:24,426 authentication_backends User with email None does not exist
INFO 2024-09-18 19:45:24,426 basehttp "POST /admin/login/?next=/admin/ HTTP/1.1" 200 9142
INFO 2024-09-18 19:45:34,566 basehttp "POST /admin/login/?next=/admin/ HTTP/1.1" 302 0
INFO 2024-09-18 19:45:34,657 basehttp "GET /admin/ HTTP/1.1" 200 69223
INFO 2024-09-18 19:45:45,951 basehttp "POST /admin/logout/ HTTP/1.1" 200 3369
INFO 2024-09-18 19:45:47,338 basehttp "GET /admin/ HTTP/1.1" 302 0
INFO 2024-09-18 19:45:47,349 basehttp "GET /admin/login/?next=/admin/ HTTP/1.1" 200 8411
INFO 2024-09-18 19:45:59,009 basehttp "POST /admin/login/?next=/admin/ HTTP/1.1" 302 0
INFO 2024-09-18 19:45:59,087 basehttp "GET /admin/ HTTP/1.1" 200 69223
INFO 2024-09-18 19:46:28,279 autoreload C:\Users\fortu\OneDrive\Documents\AUNRMS\RMS\RMS\urls.py changed, reloading.
INFO 2024-09-18 19:46:28,895 autoreload Watching for file changes with StatReloader
INFO 2024-09-18 19:46:39,496 basehttp "GET /admin/UserProfiles/usercred/ HTTP/1.1" 200 60127
INFO 2024-09-18 19:46:39,577 basehttp "GET /admin/jsi18n/ HTTP/1.1" 200 3343
INFO 2024-09-18 19:46:55,849 basehttp "GET /admin/UserProfiles/usercred/add/ HTTP/1.1" 200 51994
INFO 2024-09-18 19:46:55,930 basehttp "GET /admin/jsi18n/ HTTP/1.1" 200 3343
INFO 2024-09-18 19:46:58,586 basehttp "GET /admin/UserProfiles/usercred/ HTTP/1.1" 200 60127
INFO 2024-09-18 19:47:06,766 basehttp "POST /admin/logout/ HTTP/1.1" 200 3369
INFO 2024-09-18 19:47:08,110 basehttp "GET /admin/ HTTP/1.1" 302 0
INFO 2024-09-18 19:47:08,124 basehttp "GET /admin/login/?next=/admin/ HTTP/1.1" 200 8411
ERROR 2024-09-18 19:47:16,905 authentication_backends User with email None does not exist
INFO 2024-09-18 19:47:16,912 basehttp "POST /admin/login/?next=/admin/ HTTP/1.1" 200 9160
ERROR 2024-09-18 19:47:21,611 authentication_backends User with email None does not exist
INFO 2024-09-18 19:47:21,617 basehttp "POST /admin/login/?next=/admin/ HTTP/1.1" 200 9160
INFO 2024-09-18 19:47:43,267 basehttp "POST /admin/login/?next=/admin/ HTTP/1.1" 302 0
INFO 2024-09-18 19:47:43,347 basehttp "GET /admin/ HTTP/1.1" 200 69223
INFO 2024-09-18 19:47:52,460 basehttp "GET /admin/UserProfiles/usercred/ HTTP/1.1" 200 60127
INFO 2024-09-18 19:47:52,529 basehttp "GET /admin/jsi18n/ HTTP/1.1" 200 3343
INFO 2024-09-18 19:47:56,696 basehttp "GET /admin/UserProfiles/usercred/a330d592-c0a6-4785-9fe8-b159dbeb43d9/change/ HTTP/1.1" 200 53632
INFO 2024-09-18 19:47:56,777 basehttp "GET /admin/jsi18n/ HTTP/1.1" 200 3343
INFO 2024-09-18 19:47:59,366 basehttp "GET /admin/UserProfiles/usercred/a330d592-c0a6-4785-9fe8-b159dbeb43d9/delete/ HTTP/1.1" 200 35969
INFO 2024-09-18 19:47:59,460 basehttp "GET /static/admin/js/cancel.js HTTP/1.1" 200 884
INFO 2024-09-18 19:48:01,016 basehttp "POST /admin/UserProfiles/usercred/a330d592-c0a6-4785-9fe8-b159dbeb43d9/delete/ HTTP/1.1" 302 0
INFO 2024-09-18 19:48:01,106 basehttp "GET /admin/UserProfiles/usercred/ HTTP/1.1" 200 55493
INFO 2024-09-18 19:48:01,183 basehttp "GET /admin/jsi18n/ HTTP/1.1" 200 3343
INFO 2024-09-18 19:48:16,127 autoreload C:\Users\fortu\OneDrive\Documents\AUNRMS\RMS\RMS\urls.py changed, reloading.
INFO 2024-09-18 19:48:16,878 autoreload Watching for file changes with StatReloader
INFO 2024-09-18 19:49:28,876 autoreload Watching for file changes with StatReloader
INFO 2024-09-18 19:49:30,398 basehttp "GET /admin/UserProfiles/usercred/add/ HTTP/1.1" 200 51994
INFO 2024-09-18 19:49:30,503 basehttp "GET /admin/jsi18n/ HTTP/1.1" 200 3343
INFO 2024-09-18 19:50:09,593 basehttp "POST /admin/UserProfiles/usercred/add/ HTTP/1.1" 200 52553
INFO 2024-09-18 19:50:09,676 basehttp "GET /admin/jsi18n/ HTTP/1.1" 200 3343
INFO 2024-09-18 19:50:25,586 basehttp "POST /admin/UserProfiles/usercred/add/ HTTP/1.1" 302 0
INFO 2024-09-18 19:50:25,676 basehttp "GET /admin/UserProfiles/usercred/ HTTP/1.1" 200 60476
INFO 2024-09-18 19:50:25,748 basehttp "GET /admin/jsi18n/ HTTP/1.1" 200 3343
INFO 2024-09-18 19:50:30,662 basehttp "GET /admin/UserProfiles/usercred/aedb62f1-725d-49b4-a5b0-c62a2d6ab966/change/ HTTP/1.1" 200 53676
INFO 2024-09-18 19:50:30,743 basehttp "GET /admin/jsi18n/ HTTP/1.1" 200 3343
INFO 2024-09-18 19:50:38,864 basehttp "POST /admin/UserProfiles/usercred/aedb62f1-725d-49b4-a5b0-c62a2d6ab966/change/ HTTP/1.1" 302 0
INFO 2024-09-18 19:50:38,936 basehttp "GET /admin/UserProfiles/usercred/ HTTP/1.1" 200 60482
INFO 2024-09-18 19:50:39,018 basehttp "GET /admin/jsi18n/ HTTP/1.1" 200 3343
INFO 2024-09-18 19:50:47,604 basehttp "GET /admin/UserProfiles/usercred/add/ HTTP/1.1" 200 51994
INFO 2024-09-18 19:50:47,682 basehttp "GET /admin/jsi18n/ HTTP/1.1" 200 3343
INFO 2024-09-18 19:50:50,156 basehttp "GET /admin/UserProfiles/usercred/ HTTP/1.1" 200 60118
INFO 2024-09-18 19:51:07,636 basehttp "POST /admin/logout/ HTTP/1.1" 200 3369
INFO 2024-09-18 19:51:09,426 basehttp "GET /admin/ HTTP/1.1" 302 0
INFO 2024-09-18 19:51:09,443 basehttp "GET /admin/login/?next=/admin/ HTTP/1.1" 200 8411
ERROR 2024-09-18 19:51:15,015 authentication_backends User with email None does not exist
INFO 2024-09-18 19:51:15,016 basehttp "POST /admin/login/?next=/admin/ HTTP/1.1" 200 9157
INFO 2024-09-18 19:51:16,896 basehttp "GET /admin/login/?next=/admin/ HTTP/1.1" 200 8411
INFO 2024-09-18 19:51:21,837 basehttp "POST /admin/logout/ HTTP/1.1" 302 0
INFO 2024-09-18 19:51:21,846 basehttp "GET /admin/ HTTP/1.1" 302 0
INFO 2024-09-18 19:51:21,856 basehttp "GET /admin/login/?next=/admin/ HTTP/1.1" 200 8411
ERROR 2024-09-18 19:51:31,076 authentication_backends User with email None does not exist
INFO 2024-09-18 19:51:31,076 basehttp "POST /admin/login/?next=/admin/ HTTP/1.1" 200 9142
INFO 2024-09-18 19:51:39,230 basehttp "POST /admin/login/?next=/admin/ HTTP/1.1" 302 0
INFO 2024-09-18 19:51:39,316 basehttp "GET /admin/ HTTP/1.1" 200 69167
INFO 2024-09-18 19:51:47,199 basehttp "GET /admin/UserProfiles/usercred/ HTTP/1.1" 200 60118
INFO 2024-09-18 19:51:47,286 basehttp "GET /admin/jsi18n/ HTTP/1.1" 200 3343
INFO 2024-09-18 19:51:54,956 basehttp "GET /admin/UserProfiles/usercred/7210ecb4-a564-4839-bad7-b26f8ee3bd9b/change/ HTTP/1.1" 200 53586
INFO 2024-09-18 19:51:55,039 basehttp "GET /admin/jsi18n/ HTTP/1.1" 200 3343
INFO 2024-09-18 19:52:17,686 basehttp "GET /admin/UserProfiles/usercred/ HTTP/1.1" 200 60118
WARNING 2024-09-18 19:56:52,585 log Forbidden (CSRF token from POST incorrect.): /admin/login/
WARNING 2024-09-18 19:56:52,586 basehttp "POST /admin/login/ HTTP/1.1" 403 2518
INFO 2024-09-18 19:56:55,960 basehttp "GET /admin/ HTTP/1.1" 200 69167
INFO 2024-09-18 19:57:00,042 basehttp "GET /admin/UserProfiles/usercred/ HTTP/1.1" 200 60118
INFO 2024-09-18 19:57:00,103 basehttp "GET /admin/jsi18n/ HTTP/1.1" 200 3343
INFO 2024-09-18 19:57:08,555 basehttp "GET /admin/UserProfiles/usercred/aedb62f1-725d-49b4-a5b0-c62a2d6ab966/change/ HTTP/1.1" 200 53694
INFO 2024-09-18 19:57:08,624 basehttp "GET /admin/jsi18n/ HTTP/1.1" 200 3343
INFO 2024-09-18 19:57:13,665 basehttp "GET /admin/UserProfiles/usercred/ HTTP/1.1" 200 60118
INFO 2024-09-18 19:57:15,575 basehttp "GET /admin/UserProfiles/usercred/7210ecb4-a564-4839-bad7-b26f8ee3bd9b/change/ HTTP/1.1" 200 53586
INFO 2024-09-18 19:57:15,637 basehttp "GET /admin/jsi18n/ HTTP/1.1" 200 3343
INFO 2024-09-18 19:57:17,876 basehttp "GET /admin/UserProfiles/usercred/ HTTP/1.1" 200 60118
INFO 2024-09-18 19:57:20,141 basehttp "GET /admin/UserProfiles/usercred/aedb62f1-725d-49b4-a5b0-c62a2d6ab966/change/ HTTP/1.1" 200 53694
INFO 2024-09-18 19:57:20,205 basehttp "GET /admin/jsi18n/ HTTP/1.1" 200 3343
INFO 2024-09-18 19:57:25,275 basehttp "GET /admin/UserProfiles/usercred/ HTTP/1.1" 200 60118
INFO 2024-09-18 19:57:28,088 basehttp "GET /admin/UserProfiles/usercred/7210ecb4-a564-4839-bad7-b26f8ee3bd9b/change/ HTTP/1.1" 200 53586
INFO 2024-09-18 19:57:28,158 basehttp "GET /admin/jsi18n/ HTTP/1.1" 200 3343
INFO 2024-09-18 19:57:32,485 basehttp "GET /admin/UserProfiles/usercred/ HTTP/1.1" 200 60118
INFO 2024-09-18 19:57:45,915 basehttp "POST /admin/logout/ HTTP/1.1" 200 3369
INFO 2024-09-18 19:57:48,057 basehttp "GET /admin/ HTTP/1.1" 302 0
INFO 2024-09-18 19:57:48,067 basehttp "GET /admin/login/?next=/admin/ HTTP/1.1" 200 8411
ERROR 2024-09-18 19:57:56,915 authentication_backends User with email None does not exist
INFO 2024-09-18 19:57:56,922 basehttp "POST /admin/login/?next=/admin/ HTTP/1.1" 200 9157
INFO 2024-09-18 20:01:45,675 autoreload C:\Users\fortu\OneDrive\Documents\AUNRMS\RMS\UserProfiles\models.py changed, reloading.
INFO 2024-09-18 20:01:46,250 autoreload Watching for file changes with StatReloader
INFO 2024-09-18 20:01:49,633 autoreload C:\Users\fortu\OneDrive\Documents\AUNRMS\RMS\UserProfiles\models.py changed, reloading.
INFO 2024-09-18 20:01:50,160 autoreload Watching for file changes with StatReloader
INFO 2024-09-18 20:04:17,217 autoreload C:\Users\fortu\OneDrive\Documents\AUNRMS\RMS\UserProfiles\admin.py changed, reloading.
INFO 2024-09-18 20:04:17,765 autoreload Watching for file changes with StatReloader
INFO 2024-09-18 20:04:46,269 autoreload Watching for file changes with StatReloader
INFO 2024-09-18 20:04:47,921 basehttp "GET / HTTP/1.1" 200 24
INFO 2024-09-18 20:04:55,003 basehttp "GET /admin/ HTTP/1.1" 302 0
INFO 2024-09-18 20:04:55,035 basehttp "GET /admin/login/?next=/admin/ HTTP/1.1" 200 8411
ERROR 2024-09-18 20:05:04,380 authentication_backends User with email None does not exist
INFO 2024-09-18 20:05:04,385 basehttp "POST /admin/login/?next=/admin/ HTTP/1.1" 200 9142
INFO 2024-09-18 20:05:15,565 basehttp "POST /admin/login/?next=/admin/ HTTP/1.1" 302 0
INFO 2024-09-18 20:05:15,631 basehttp "GET /admin/ HTTP/1.1" 200 69178
INFO 2024-09-18 20:05:26,664 basehttp "GET /admin/UserProfiles/usercred/ HTTP/1.1" 200 58375
INFO 2024-09-18 20:05:26,721 basehttp "GET /admin/jsi18n/ HTTP/1.1" 200 3343
INFO 2024-09-18 20:05:36,075 basehttp "GET /admin/UserProfiles/usercred/7210ecb4-a564-4839-bad7-b26f8ee3bd9b/change/ HTTP/1.1" 200 52959
INFO 2024-09-18 20:05:36,135 basehttp "GET /admin/jsi18n/ HTTP/1.1" 200 3343
INFO 2024-09-18 20:05:38,913 basehttp "GET /admin/UserProfiles/usercred/7210ecb4-a564-4839-bad7-b26f8ee3bd9b/delete/ HTTP/1.1" 200 35450
INFO 2024-09-18 20:05:40,325 basehttp "POST /admin/UserProfiles/usercred/7210ecb4-a564-4839-bad7-b26f8ee3bd9b/delete/ HTTP/1.1" 302 0
INFO 2024-09-18 20:05:40,382 basehttp "GET /admin/UserProfiles/usercred/ HTTP/1.1" 200 54256
INFO 2024-09-18 20:05:40,439 basehttp "GET /admin/jsi18n/ HTTP/1.1" 200 3343
INFO 2024-09-18 20:05:44,085 basehttp "GET /admin/UserProfiles/usercred/add/ HTTP/1.1" 200 51382
INFO 2024-09-18 20:05:44,148 basehttp "GET /admin/jsi18n/ HTTP/1.1" 200 3343
INFO 2024-09-18 20:06:23,946 basehttp "POST /admin/UserProfiles/usercred/add/ HTTP/1.1" 200 51971
INFO 2024-09-18 20:06:24,003 basehttp "GET /admin/jsi18n/ HTTP/1.1" 200 3343
INFO 2024-09-18 20:06:56,679 basehttp "POST /admin/UserProfiles/usercred/add/ HTTP/1.1" 200 51980
INFO 2024-09-18 20:06:56,734 basehttp "GET /admin/jsi18n/ HTTP/1.1" 200 3343
INFO 2024-09-18 20:07:08,738 basehttp "POST /admin/UserProfiles/usercred/add/ HTTP/1.1" 302 0
INFO 2024-09-18 20:07:08,791 basehttp "GET /admin/UserProfiles/usercred/ HTTP/1.1" 200 58723
INFO 2024-09-18 20:07:08,844 basehttp "GET /admin/jsi18n/ HTTP/1.1" 200 3343
INFO 2024-09-18 20:07:13,635 basehttp "GET /admin/UserProfiles/usercred/e5b1925a-ca15-48f3-9287-1c72b2451c31/change/ HTTP/1.1" 200 52931
INFO 2024-09-18 20:07:13,692 basehttp "GET /admin/jsi18n/ HTTP/1.1" 200 3343
INFO 2024-09-18 20:07:16,295 basehttp "GET /admin/UserProfiles/usercred/ HTTP/1.1" 200 58364
INFO 2024-09-18 20:07:18,290 basehttp "GET /admin/UserProfiles/usercred/aedb62f1-725d-49b4-a5b0-c62a2d6ab966/change/ HTTP/1.1" 200 53065
INFO 2024-09-18 20:07:18,347 basehttp "GET /admin/jsi18n/ HTTP/1.1" 200 3343
INFO 2024-09-18 20:07:22,166 basehttp "GET /admin/UserProfiles/usercred/ HTTP/1.1" 200 58364
INFO 2024-09-18 20:07:28,467 basehttp "POST /admin/logout/ HTTP/1.1" 200 3369
INFO 2024-09-18 20:07:30,005 basehttp "GET /admin/ HTTP/1.1" 302 0
INFO 2024-09-18 20:07:30,018 basehttp "GET /admin/login/?next=/admin/ HTTP/1.1" 200 8411
ERROR 2024-09-18 20:07:41,916 authentication_backends User with email None does not exist
INFO 2024-09-18 20:07:41,925 basehttp "POST /admin/login/?next=/admin/ HTTP/1.1" 200 9150
INFO 2024-09-18 20:07:45,412 basehttp "GET /admin/login/?next=/admin/ HTTP/1.1" 200 8411
INFO 2024-09-18 20:07:49,068 basehttp "POST /admin/logout/ HTTP/1.1" 302 0
INFO 2024-09-18 20:07:49,075 basehttp "GET /admin/ HTTP/1.1" 302 0
INFO 2024-09-18 20:07:49,085 basehttp "GET /admin/login/?next=/admin/ HTTP/1.1" 200 8411
INFO 2024-09-18 20:07:58,525 basehttp "POST /admin/login/?next=/admin/ HTTP/1.1" 302 0
INFO 2024-09-18 20:07:58,583 basehttp "GET /admin/ HTTP/1.1" 200 68931
INFO 2024-09-18 20:08:04,235 basehttp "GET /admin/UserProfiles/usercred/ HTTP/1.1" 200 58364
INFO 2024-09-18 20:08:04,292 basehttp "GET /admin/jsi18n/ HTTP/1.1" 200 3343
INFO 2024-09-18 20:08:06,135 basehttp "GET /admin/UserProfiles/usercred/e5b1925a-ca15-48f3-9287-1c72b2451c31/change/ HTTP/1.1" 200 52931
INFO 2024-09-18 20:08:06,192 basehttp "GET /admin/jsi18n/ HTTP/1.1" 200 3343
INFO 2024-09-18 20:08:08,303 basehttp "GET /admin/UserProfiles/usercred/e5b1925a-ca15-48f3-9287-1c72b2451c31/delete/ HTTP/1.1" 200 35623
INFO 2024-09-18 20:08:09,785 basehttp "POST /admin/UserProfiles/usercred/e5b1925a-ca15-48f3-9287-1c72b2451c31/delete/ HTTP/1.1" 302 0
INFO 2024-09-18 20:08:09,868 basehttp "GET /admin/UserProfiles/usercred/ HTTP/1.1" 200 54249
INFO 2024-09-18 20:08:09,945 basehttp "GET /admin/jsi18n/ HTTP/1.1" 200 3343
INFO 2024-09-18 20:11:52,016 autoreload C:\Users\fortu\OneDrive\Documents\AUNRMS\RMS\UserProfiles\models.py changed, reloading.
INFO 2024-09-18 20:11:52,030 autoreload C:\Users\fortu\OneDrive\Documents\AUNRMS\RMS\UserProfiles\models.py changed, reloading.
INFO 2024-09-18 20:11:52,680 autoreload Watching for file changes with StatReloader
INFO 2024-09-18 20:11:52,718 autoreload Watching for file changes with StatReloader
INFO 2024-09-18 20:12:04,474 autoreload C:\Users\fortu\OneDrive\Documents\AUNRMS\RMS\UserProfiles\models.py changed, reloading.
INFO 2024-09-18 20:12:04,474 autoreload C:\Users\fortu\OneDrive\Documents\AUNRMS\RMS\UserProfiles\models.py changed, reloading.
INFO 2024-09-18 20:12:05,125 autoreload Watching for file changes with StatReloader
INFO 2024-09-18 20:12:05,125 autoreload Watching for file changes with StatReloader
INFO 2024-09-18 20:12:07,545 basehttp "GET /admin/UserProfiles/usercred/ HTTP/1.1" 200 53976
INFO 2024-09-18 20:12:07,611 basehttp "GET /admin/jsi18n/ HTTP/1.1" 200 3343
INFO 2024-09-18 20:12:10,455 basehttp "GET /admin/UserProfiles/usercred/add/ HTTP/1.1" 200 51390
INFO 2024-09-18 20:12:10,522 basehttp "GET /admin/jsi18n/ HTTP/1.1" 200 3343
INFO 2024-09-18 20:12:32,758 basehttp "POST /admin/UserProfiles/usercred/add/ HTTP/1.1" 302 0
INFO 2024-09-18 20:12:32,816 basehttp "GET /admin/UserProfiles/usercred/ HTTP/1.1" 200 58717
INFO 2024-09-18 20:12:32,871 basehttp "GET /admin/jsi18n/ HTTP/1.1" 200 3343
INFO 2024-09-18 20:12:37,038 basehttp "POST /admin/logout/ HTTP/1.1" 200 3369
INFO 2024-09-18 20:12:38,215 basehttp "GET /admin/ HTTP/1.1" 302 0
INFO 2024-09-18 20:12:38,230 basehttp "GET /admin/login/?next=/admin/ HTTP/1.1" 200 8411
ERROR 2024-09-18 20:12:44,641 authentication_backends User with email None does not exist
INFO 2024-09-18 20:12:44,646 basehttp "POST /admin/login/?next=/admin/ HTTP/1.1" 200 9150
INFO 2024-09-18 20:17:31,104 autoreload Watching for file changes with StatReloader
INFO 2024-09-18 20:17:35,372 basehttp "GET / HTTP/1.1" 200 24
INFO 2024-09-18 20:31:59,876 basehttp "GET /admin/ HTTP/1.1" 302 0
INFO 2024-09-18 20:31:59,891 basehttp "GET /admin/login/?next=/admin/ HTTP/1.1" 200 8411
INFO 2024-09-18 20:32:17,034 basehttp "POST /admin/login/?next=/admin/ HTTP/1.1" 302 0
INFO 2024-09-18 20:32:17,085 basehttp "GET /admin/ HTTP/1.1" 200 68831
INFO 2024-09-18 21:10:54,123 autoreload C:\Users\fortu\OneDrive\Documents\AUNRMS\RMS\UserProfiles\admin.py changed, reloading.
INFO 2024-09-18 21:10:54,270 autoreload C:\Users\fortu\OneDrive\Documents\AUNRMS\RMS\UserProfiles\admin.py changed, reloading.
INFO 2024-09-18 21:10:54,920 autoreload Watching for file changes with StatReloader
INFO 2024-09-18 21:10:55,019 autoreload Watching for file changes with StatReloader
INFO 2024-09-18 21:10:57,182 basehttp "GET / HTTP/1.1" 200 24
INFO 2024-09-18 21:11:01,839 basehttp "GET /admin/ HTTP/1.1" 200 68831
INFO 2024-09-18 21:11:09,664 basehttp "GET /admin/UserProfiles/usercred/ HTTP/1.1" 200 58358
INFO 2024-09-18 21:11:09,749 basehttp "GET /admin/jsi18n/ HTTP/1.1" 200 3343
INFO 2024-09-18 21:11:13,653 basehttp "GET /admin/UserProfiles/usercred/a9fe03bb-8a40-4f32-b7e2-486952c31cd6/change/ HTTP/1.1" 200 52972
INFO 2024-09-18 21:11:13,752 basehttp "GET /admin/jsi18n/ HTTP/1.1" 200 3343
INFO 2024-09-18 21:11:15,599 basehttp "GET /admin/UserProfiles/usercred/ HTTP/1.1" 200 58358
INFO 2024-09-18 21:11:16,943 basehttp "GET /admin/UserProfiles/usercred/aedb62f1-725d-49b4-a5b0-c62a2d6ab966/change/ HTTP/1.1" 200 53126
INFO 2024-09-18 21:11:17,029 basehttp "GET /admin/jsi18n/ HTTP/1.1" 200 3343
INFO 2024-09-18 21:12:31,730 autoreload C:\Users\fortu\OneDrive\Documents\AUNRMS\RMS\UserProfiles\admin.py changed, reloading.
INFO 2024-09-18 21:12:32,303 autoreload C:\Users\fortu\OneDrive\Documents\AUNRMS\RMS\UserProfiles\admin.py changed, reloading.
INFO 2024-09-18 21:12:32,548 autoreload Watching for file changes with StatReloader
INFO 2024-09-18 21:12:33,011 autoreload Watching for file changes with StatReloader
INFO 2024-09-18 21:12:44,363 autoreload C:\Users\fortu\OneDrive\Documents\AUNRMS\RMS\UserProfiles\admin.py changed, reloading.
INFO 2024-09-18 21:12:44,841 autoreload C:\Users\fortu\OneDrive\Documents\AUNRMS\RMS\UserProfiles\admin.py changed, reloading.
INFO 2024-09-18 21:12:45,153 autoreload Watching for file changes with StatReloader
INFO 2024-09-18 21:12:45,579 autoreload Watching for file changes with StatReloader
INFO 2024-09-18 21:12:48,734 basehttp "GET /admin/UserProfiles/usercred/ HTTP/1.1" 200 58358
INFO 2024-09-18 21:12:49,689 basehttp "GET /admin/UserProfiles/usercred/ HTTP/1.1" 200 58358
INFO 2024-09-18 21:12:49,763 basehttp "GET /admin/jsi18n/ HTTP/1.1" 200 3343
ERROR 2024-09-18 21:12:52,392 log Internal Server Error: /admin/UserProfiles/usercred/a9fe03bb-8a40-4f32-b7e2-486952c31cd6/change/
Traceback (most recent call last):
  File "C:\Users\fortu\OneDrive\Documents\AUNRMS\venv\Lib\site-packages\django\contrib\admin\options.py", line 809, in get_form
    return modelform_factory(self.model, **defaults)
           ^^^^^^^^^^^^^^^^^^^^^^^^^^^^^^^^^^^^^^^^^
  File "C:\Users\fortu\OneDrive\Documents\AUNRMS\venv\Lib\site-packages\django\forms\models.py", line 642, in modelform_factory
    return type(form)(class_name, (form,), form_class_attrs)
           ^^^^^^^^^^^^^^^^^^^^^^^^^^^^^^^^^^^^^^^^^^^^^^^^^
  File "C:\Users\fortu\OneDrive\Documents\AUNRMS\venv\Lib\site-packages\django\forms\models.py", line 321, in __new__
    raise FieldError(message)
django.core.exceptions.FieldError: Unknown field(s) (date_joined) specified for UserCred

During handling of the above exception, another exception occurred:

Traceback (most recent call last):
  File "C:\Users\fortu\OneDrive\Documents\AUNRMS\venv\Lib\site-packages\django\core\handlers\exception.py", line 55, in inner
    response = get_response(request)
               ^^^^^^^^^^^^^^^^^^^^^
  File "C:\Users\fortu\OneDrive\Documents\AUNRMS\venv\Lib\site-packages\django\core\handlers\base.py", line 197, in _get_response
    response = wrapped_callback(request, *callback_args, **callback_kwargs)
               ^^^^^^^^^^^^^^^^^^^^^^^^^^^^^^^^^^^^^^^^^^^^^^^^^^^^^^^^^^^^
  File "C:\Users\fortu\OneDrive\Documents\AUNRMS\venv\Lib\site-packages\django\contrib\admin\options.py", line 688, in wrapper
    return self.admin_site.admin_view(view)(*args, **kwargs)
           ^^^^^^^^^^^^^^^^^^^^^^^^^^^^^^^^^^^^^^^^^^^^^^^^^
  File "C:\Users\fortu\OneDrive\Documents\AUNRMS\venv\Lib\site-packages\django\utils\decorators.py", line 134, in _wrapper_view
    response = view_func(request, *args, **kwargs)
               ^^^^^^^^^^^^^^^^^^^^^^^^^^^^^^^^^^^
  File "C:\Users\fortu\OneDrive\Documents\AUNRMS\venv\Lib\site-packages\django\views\decorators\cache.py", line 62, in _wrapper_view_func
    response = view_func(request, *args, **kwargs)
               ^^^^^^^^^^^^^^^^^^^^^^^^^^^^^^^^^^^
  File "C:\Users\fortu\OneDrive\Documents\AUNRMS\venv\Lib\site-packages\django\contrib\admin\sites.py", line 242, in inner
    return view(request, *args, **kwargs)
           ^^^^^^^^^^^^^^^^^^^^^^^^^^^^^^
  File "C:\Users\fortu\OneDrive\Documents\AUNRMS\venv\Lib\site-packages\django\contrib\admin\options.py", line 1889, in change_view
    return self.changeform_view(request, object_id, form_url, extra_context)
           ^^^^^^^^^^^^^^^^^^^^^^^^^^^^^^^^^^^^^^^^^^^^^^^^^^^^^^^^^^^^^^^^^
  File "C:\Users\fortu\OneDrive\Documents\AUNRMS\venv\Lib\site-packages\django\utils\decorators.py", line 46, in _wrapper
    return bound_method(*args, **kwargs)
           ^^^^^^^^^^^^^^^^^^^^^^^^^^^^^
  File "C:\Users\fortu\OneDrive\Documents\AUNRMS\venv\Lib\site-packages\django\utils\decorators.py", line 134, in _wrapper_view
    response = view_func(request, *args, **kwargs)
               ^^^^^^^^^^^^^^^^^^^^^^^^^^^^^^^^^^^
  File "C:\Users\fortu\OneDrive\Documents\AUNRMS\venv\Lib\site-packages\django\contrib\admin\options.py", line 1747, in changeform_view
    return self._changeform_view(request, object_id, form_url, extra_context)
           ^^^^^^^^^^^^^^^^^^^^^^^^^^^^^^^^^^^^^^^^^^^^^^^^^^^^^^^^^^^^^^^^^^
  File "C:\Users\fortu\OneDrive\Documents\AUNRMS\venv\Lib\site-packages\django\contrib\admin\options.py", line 1782, in _changeform_view
    ModelForm = self.get_form(
                ^^^^^^^^^^^^^^
  File "C:\Users\fortu\OneDrive\Documents\AUNRMS\venv\Lib\site-packages\django\contrib\auth\admin.py", line 98, in get_form
    return super().get_form(request, obj, **defaults)
           ^^^^^^^^^^^^^^^^^^^^^^^^^^^^^^^^^^^^^^^^^^
  File "C:\Users\fortu\OneDrive\Documents\AUNRMS\venv\Lib\site-packages\django\contrib\admin\options.py", line 811, in get_form
    raise FieldError(
django.core.exceptions.FieldError: Unknown field(s) (date_joined) specified for UserCred. Check fields/fieldsets/exclude attributes of class UserCredAdmin.
ERROR 2024-09-18 21:12:52,438 basehttp "GET /admin/UserProfiles/usercred/a9fe03bb-8a40-4f32-b7e2-486952c31cd6/change/ HTTP/1.1" 500 144458
INFO 2024-09-18 21:12:57,499 basehttp "GET /admin/UserProfiles/usercred/ HTTP/1.1" 200 58358
ERROR 2024-09-18 21:12:58,799 log Internal Server Error: /admin/UserProfiles/usercred/aedb62f1-725d-49b4-a5b0-c62a2d6ab966/change/
Traceback (most recent call last):
  File "C:\Users\fortu\OneDrive\Documents\AUNRMS\venv\Lib\site-packages\django\contrib\admin\options.py", line 809, in get_form
    return modelform_factory(self.model, **defaults)
           ^^^^^^^^^^^^^^^^^^^^^^^^^^^^^^^^^^^^^^^^^
  File "C:\Users\fortu\OneDrive\Documents\AUNRMS\venv\Lib\site-packages\django\forms\models.py", line 642, in modelform_factory
    return type(form)(class_name, (form,), form_class_attrs)
           ^^^^^^^^^^^^^^^^^^^^^^^^^^^^^^^^^^^^^^^^^^^^^^^^^
  File "C:\Users\fortu\OneDrive\Documents\AUNRMS\venv\Lib\site-packages\django\forms\models.py", line 321, in __new__
    raise FieldError(message)
django.core.exceptions.FieldError: Unknown field(s) (date_joined) specified for UserCred

During handling of the above exception, another exception occurred:

Traceback (most recent call last):
  File "C:\Users\fortu\OneDrive\Documents\AUNRMS\venv\Lib\site-packages\django\core\handlers\exception.py", line 55, in inner
    response = get_response(request)
               ^^^^^^^^^^^^^^^^^^^^^
  File "C:\Users\fortu\OneDrive\Documents\AUNRMS\venv\Lib\site-packages\django\core\handlers\base.py", line 197, in _get_response
    response = wrapped_callback(request, *callback_args, **callback_kwargs)
               ^^^^^^^^^^^^^^^^^^^^^^^^^^^^^^^^^^^^^^^^^^^^^^^^^^^^^^^^^^^^
  File "C:\Users\fortu\OneDrive\Documents\AUNRMS\venv\Lib\site-packages\django\contrib\admin\options.py", line 688, in wrapper
    return self.admin_site.admin_view(view)(*args, **kwargs)
           ^^^^^^^^^^^^^^^^^^^^^^^^^^^^^^^^^^^^^^^^^^^^^^^^^
  File "C:\Users\fortu\OneDrive\Documents\AUNRMS\venv\Lib\site-packages\django\utils\decorators.py", line 134, in _wrapper_view
    response = view_func(request, *args, **kwargs)
               ^^^^^^^^^^^^^^^^^^^^^^^^^^^^^^^^^^^
  File "C:\Users\fortu\OneDrive\Documents\AUNRMS\venv\Lib\site-packages\django\views\decorators\cache.py", line 62, in _wrapper_view_func
    response = view_func(request, *args, **kwargs)
               ^^^^^^^^^^^^^^^^^^^^^^^^^^^^^^^^^^^
  File "C:\Users\fortu\OneDrive\Documents\AUNRMS\venv\Lib\site-packages\django\contrib\admin\sites.py", line 242, in inner
    return view(request, *args, **kwargs)
           ^^^^^^^^^^^^^^^^^^^^^^^^^^^^^^
  File "C:\Users\fortu\OneDrive\Documents\AUNRMS\venv\Lib\site-packages\django\contrib\admin\options.py", line 1889, in change_view
    return self.changeform_view(request, object_id, form_url, extra_context)
           ^^^^^^^^^^^^^^^^^^^^^^^^^^^^^^^^^^^^^^^^^^^^^^^^^^^^^^^^^^^^^^^^^
  File "C:\Users\fortu\OneDrive\Documents\AUNRMS\venv\Lib\site-packages\django\utils\decorators.py", line 46, in _wrapper
    return bound_method(*args, **kwargs)
           ^^^^^^^^^^^^^^^^^^^^^^^^^^^^^
  File "C:\Users\fortu\OneDrive\Documents\AUNRMS\venv\Lib\site-packages\django\utils\decorators.py", line 134, in _wrapper_view
    response = view_func(request, *args, **kwargs)
               ^^^^^^^^^^^^^^^^^^^^^^^^^^^^^^^^^^^
  File "C:\Users\fortu\OneDrive\Documents\AUNRMS\venv\Lib\site-packages\django\contrib\admin\options.py", line 1747, in changeform_view
    return self._changeform_view(request, object_id, form_url, extra_context)
           ^^^^^^^^^^^^^^^^^^^^^^^^^^^^^^^^^^^^^^^^^^^^^^^^^^^^^^^^^^^^^^^^^^
  File "C:\Users\fortu\OneDrive\Documents\AUNRMS\venv\Lib\site-packages\django\contrib\admin\options.py", line 1782, in _changeform_view
    ModelForm = self.get_form(
                ^^^^^^^^^^^^^^
  File "C:\Users\fortu\OneDrive\Documents\AUNRMS\venv\Lib\site-packages\django\contrib\auth\admin.py", line 98, in get_form
    return super().get_form(request, obj, **defaults)
           ^^^^^^^^^^^^^^^^^^^^^^^^^^^^^^^^^^^^^^^^^^
  File "C:\Users\fortu\OneDrive\Documents\AUNRMS\venv\Lib\site-packages\django\contrib\admin\options.py", line 811, in get_form
    raise FieldError(
django.core.exceptions.FieldError: Unknown field(s) (date_joined) specified for UserCred. Check fields/fieldsets/exclude attributes of class UserCredAdmin.
ERROR 2024-09-18 21:12:58,845 basehttp "GET /admin/UserProfiles/usercred/aedb62f1-725d-49b4-a5b0-c62a2d6ab966/change/ HTTP/1.1" 500 144470
INFO 2024-09-18 21:13:07,385 autoreload C:\Users\fortu\OneDrive\Documents\AUNRMS\RMS\UserProfiles\admin.py changed, reloading.
INFO 2024-09-18 21:13:07,528 autoreload C:\Users\fortu\OneDrive\Documents\AUNRMS\RMS\UserProfiles\admin.py changed, reloading.
INFO 2024-09-18 21:13:08,386 autoreload Watching for file changes with StatReloader
INFO 2024-09-18 21:13:08,435 autoreload Watching for file changes with StatReloader
INFO 2024-09-18 21:13:10,294 basehttp "GET /admin/UserProfiles/usercred/aedb62f1-725d-49b4-a5b0-c62a2d6ab966/change/ HTTP/1.1" 200 53126
INFO 2024-09-18 21:13:10,361 basehttp "GET /admin/jsi18n/ HTTP/1.1" 200 3343
INFO 2024-09-18 21:13:13,553 basehttp "GET /admin/UserProfiles/usercred/ HTTP/1.1" 200 58358
INFO 2024-09-18 21:13:15,879 basehttp "GET /admin/UserProfiles/usercred/a9fe03bb-8a40-4f32-b7e2-486952c31cd6/change/ HTTP/1.1" 200 52972
INFO 2024-09-18 21:13:15,978 basehttp "GET /admin/jsi18n/ HTTP/1.1" 200 3343
INFO 2024-09-18 21:13:18,229 basehttp "GET /admin/UserProfiles/usercred/a9fe03bb-8a40-4f32-b7e2-486952c31cd6/delete/ HTTP/1.1" 200 35429
INFO 2024-09-18 21:13:19,935 basehttp "POST /admin/UserProfiles/usercred/a9fe03bb-8a40-4f32-b7e2-486952c31cd6/delete/ HTTP/1.1" 302 0
INFO 2024-09-18 21:13:20,051 basehttp "GET /admin/UserProfiles/usercred/ HTTP/1.1" 200 54249
INFO 2024-09-18 21:13:20,139 basehttp "GET /admin/jsi18n/ HTTP/1.1" 200 3343
INFO 2024-09-18 21:13:22,249 basehttp "GET /admin/ HTTP/1.1" 200 68754
INFO 2024-09-18 21:14:29,639 autoreload Watching for file changes with StatReloader
INFO 2024-09-18 21:14:31,148 basehttp "GET /admin/UserProfiles/usercred/ HTTP/1.1" 200 58358
INFO 2024-09-18 21:14:31,233 basehttp "GET /admin/jsi18n/ HTTP/1.1" 200 3343
INFO 2024-09-18 21:14:39,196 basehttp "POST /admin/logout/ HTTP/1.1" 200 3369
INFO 2024-09-18 21:14:40,583 basehttp "GET /admin/ HTTP/1.1" 302 0
INFO 2024-09-18 21:14:40,612 basehttp "GET /admin/login/?next=/admin/ HTTP/1.1" 200 8411
INFO 2024-09-18 21:14:54,138 basehttp "POST /admin/login/?next=/admin/ HTTP/1.1" 302 0
INFO 2024-09-18 21:14:54,258 basehttp "GET /admin/ HTTP/1.1" 200 58485
INFO 2024-09-18 21:14:57,706 basehttp "GET /admin/AcademicYear/semester/ HTTP/1.1" 200 55658
INFO 2024-09-18 21:14:57,808 basehttp "GET /admin/jsi18n/ HTTP/1.1" 200 3343
INFO 2024-09-18 21:15:02,072 basehttp "GET /admin/Actions/category/ HTTP/1.1" 200 45016
INFO 2024-09-18 21:15:02,170 basehttp "GET /admin/jsi18n/ HTTP/1.1" 200 3343
INFO 2024-09-18 21:15:04,601 basehttp "GET /admin/UserProfiles/staffs/ HTTP/1.1" 200 42244
INFO 2024-09-18 21:15:04,699 basehttp "GET /admin/jsi18n/ HTTP/1.1" 200 3343
INFO 2024-09-18 21:15:06,949 basehttp "GET /admin/UserProfiles/usercred/ HTTP/1.1" 200 58355
INFO 2024-09-18 21:15:07,032 basehttp "GET /admin/jsi18n/ HTTP/1.1" 200 3343
INFO 2024-09-18 21:15:14,929 basehttp "GET /admin/UserProfiles/usercred/2bd7fdd7-317f-41a9-bad5-6907f6ba71bb/change/ HTTP/1.1" 200 53093
INFO 2024-09-18 21:15:15,012 basehttp "GET /admin/jsi18n/ HTTP/1.1" 200 3343
INFO 2024-09-18 21:15:17,778 basehttp "GET /admin/UserProfiles/usercred/ HTTP/1.1" 200 58355
INFO 2024-09-18 21:15:19,742 basehttp "GET /admin/UserProfiles/usercred/aedb62f1-725d-49b4-a5b0-c62a2d6ab966/change/ HTTP/1.1" 200 53123
INFO 2024-09-18 21:15:19,830 basehttp "GET /admin/jsi18n/ HTTP/1.1" 200 3343
INFO 2024-09-18 21:15:21,861 basehttp "GET /admin/UserProfiles/usercred/ HTTP/1.1" 200 58355
INFO 2024-09-18 21:15:34,178 basehttp "GET /admin/UserProfiles/usercred/add/ HTTP/1.1" 200 51458
INFO 2024-09-18 21:15:34,263 basehttp "GET /admin/jsi18n/ HTTP/1.1" 200 3343
INFO 2024-09-18 21:15:51,129 basehttp "POST /admin/UserProfiles/usercred/add/ HTTP/1.1" 302 0
INFO 2024-09-18 21:15:51,241 basehttp "GET /admin/UserProfiles/usercred/ HTTP/1.1" 200 63056
INFO 2024-09-18 21:15:51,332 basehttp "GET /admin/jsi18n/ HTTP/1.1" 200 3343
INFO 2024-09-18 21:15:59,208 basehttp "GET /admin/UserProfiles/usercred/4202944d-e3cd-4d78-88f0-d7a094830c03/change/ HTTP/1.1" 200 52903
INFO 2024-09-18 21:15:59,299 basehttp "GET /admin/jsi18n/ HTTP/1.1" 200 3343
INFO 2024-09-18 21:16:01,768 basehttp "GET /admin/UserProfiles/usercred/ HTTP/1.1" 200 62713
INFO 2024-09-18 21:16:28,969 autoreload C:\Users\fortu\OneDrive\Documents\AUNRMS\RMS\UserProfiles\admin.py changed, reloading.
INFO 2024-09-18 21:16:29,697 autoreload Watching for file changes with StatReloader
INFO 2024-09-18 21:16:30,843 basehttp "GET /admin/UserProfiles/usercred/ HTTP/1.1" 200 62713
INFO 2024-09-18 21:16:30,908 basehttp "GET /admin/jsi18n/ HTTP/1.1" 200 3343
INFO 2024-09-18 21:16:37,533 basehttp "GET /admin/UserProfiles/usercred/4202944d-e3cd-4d78-88f0-d7a094830c03/change/ HTTP/1.1" 200 52832
INFO 2024-09-18 21:16:37,640 basehttp "GET /admin/jsi18n/ HTTP/1.1" 200 3343
INFO 2024-09-18 21:16:40,949 basehttp "GET /admin/UserProfiles/usercred/4202944d-e3cd-4d78-88f0-d7a094830c03/delete/ HTTP/1.1" 200 35358
INFO 2024-09-18 21:16:42,671 basehttp "POST /admin/UserProfiles/usercred/4202944d-e3cd-4d78-88f0-d7a094830c03/delete/ HTTP/1.1" 302 0
INFO 2024-09-18 21:16:42,794 basehttp "GET /admin/UserProfiles/usercred/ HTTP/1.1" 200 58612
INFO 2024-09-18 21:16:43,000 basehttp "GET /admin/jsi18n/ HTTP/1.1" 200 3343
INFO 2024-09-18 21:16:51,848 basehttp "GET /admin/UserProfiles/usercred/2bd7fdd7-317f-41a9-bad5-6907f6ba71bb/change/ HTTP/1.1" 200 53032
INFO 2024-09-18 21:16:51,939 basehttp "GET /admin/jsi18n/ HTTP/1.1" 200 3343
INFO 2024-09-18 21:18:02,347 basehttp "GET /admin/UserProfiles/usercred/ HTTP/1.1" 200 58355
INFO 2024-09-18 21:18:04,090 basehttp "GET /admin/UserProfiles/usercred/aedb62f1-725d-49b4-a5b0-c62a2d6ab966/change/ HTTP/1.1" 200 53062
INFO 2024-09-18 21:18:04,178 basehttp "GET /admin/jsi18n/ HTTP/1.1" 200 3343
INFO 2024-09-18 21:18:05,318 basehttp "GET /admin/UserProfiles/usercred/ HTTP/1.1" 200 58355
INFO 2024-09-18 21:18:09,458 basehttp "GET /admin/UserProfiles/usercred/aedb62f1-725d-49b4-a5b0-c62a2d6ab966/change/ HTTP/1.1" 200 53062
INFO 2024-09-18 21:18:09,549 basehttp "GET /admin/jsi18n/ HTTP/1.1" 200 3343
INFO 2024-09-18 21:18:12,009 basehttp "GET /admin/UserProfiles/usercred/ HTTP/1.1" 200 58355
INFO 2024-09-18 21:20:18,114 autoreload C:\Users\fortu\OneDrive\Documents\AUNRMS\RMS\UserProfiles\admin.py changed, reloading.
INFO 2024-09-18 21:20:18,818 autoreload Watching for file changes with StatReloader
INFO 2024-09-18 21:20:51,410 autoreload C:\Users\fortu\OneDrive\Documents\AUNRMS\RMS\UserProfiles\admin.py changed, reloading.
INFO 2024-09-18 21:20:52,101 autoreload Watching for file changes with StatReloader
INFO 2024-09-18 21:20:58,711 autoreload C:\Users\fortu\OneDrive\Documents\AUNRMS\RMS\UserProfiles\admin.py changed, reloading.
INFO 2024-09-18 21:20:59,508 autoreload Watching for file changes with StatReloader
INFO 2024-09-18 21:21:09,981 autoreload Watching for file changes with StatReloader
INFO 2024-09-18 21:21:12,608 basehttp "GET /admin/UserProfiles/usercred/ HTTP/1.1" 200 58355
INFO 2024-09-18 21:21:12,672 basehttp "GET /admin/jsi18n/ HTTP/1.1" 200 3343
INFO 2024-09-18 21:21:13,988 basehttp "GET /admin/UserProfiles/usercred/ HTTP/1.1" 200 58355
INFO 2024-09-18 21:21:14,048 basehttp "GET /admin/jsi18n/ HTTP/1.1" 200 3343
INFO 2024-09-18 21:21:14,214 basehttp "GET /admin/UserProfiles/usercred/ HTTP/1.1" 200 58355
INFO 2024-09-18 21:21:14,271 basehttp "GET /admin/jsi18n/ HTTP/1.1" 200 3343
INFO 2024-09-18 21:21:15,198 basehttp "GET /admin/UserProfiles/usercred/aedb62f1-725d-49b4-a5b0-c62a2d6ab966/change/ HTTP/1.1" 200 43685
INFO 2024-09-18 21:21:15,271 basehttp "GET /admin/jsi18n/ HTTP/1.1" 200 3343
INFO 2024-09-18 21:21:25,819 basehttp "GET /admin/UserProfiles/usercred/ HTTP/1.1" 200 58355
INFO 2024-09-18 21:21:29,590 basehttp "GET /admin/UserProfiles/usercred/aedb62f1-725d-49b4-a5b0-c62a2d6ab966/change/ HTTP/1.1" 200 43685
INFO 2024-09-18 21:21:29,680 basehttp "GET /admin/jsi18n/ HTTP/1.1" 200 3343
INFO 2024-09-18 21:21:45,672 basehttp "GET /admin/UserProfiles/usercred/ HTTP/1.1" 200 58355
INFO 2024-09-18 21:21:45,758 basehttp "GET /admin/jsi18n/ HTTP/1.1" 200 3343
INFO 2024-09-18 21:21:47,770 basehttp "GET /admin/UserProfiles/usercred/aedb62f1-725d-49b4-a5b0-c62a2d6ab966/change/ HTTP/1.1" 200 43685
INFO 2024-09-18 21:21:47,868 basehttp "GET /admin/jsi18n/ HTTP/1.1" 200 3343
INFO 2024-09-18 21:22:58,753 basehttp "GET /admin/UserProfiles/usercred/ HTTP/1.1" 200 58355
INFO 2024-09-18 21:23:00,921 basehttp "GET /admin/UserProfiles/usercred/2bd7fdd7-317f-41a9-bad5-6907f6ba71bb/change/ HTTP/1.1" 200 43655
INFO 2024-09-18 21:23:01,019 basehttp "GET /admin/jsi18n/ HTTP/1.1" 200 3343
INFO 2024-09-18 21:23:15,588 basehttp "GET /admin/UserProfiles/usercred/ HTTP/1.1" 200 58355
INFO 2024-09-18 21:23:17,772 basehttp "GET /admin/UserProfiles/usercred/2bd7fdd7-317f-41a9-bad5-6907f6ba71bb/change/ HTTP/1.1" 200 43655
INFO 2024-09-18 21:23:17,863 basehttp "GET /admin/jsi18n/ HTTP/1.1" 200 3343
INFO 2024-09-18 21:23:19,444 basehttp "GET /admin/UserProfiles/usercred/ HTTP/1.1" 200 58355
INFO 2024-09-18 21:23:25,064 basehttp "GET /admin/ HTTP/1.1" 200 60789
INFO 2024-09-18 21:23:27,088 basehttp "GET /admin/UserProfiles/usercred/ HTTP/1.1" 200 58355
INFO 2024-09-18 21:23:30,404 basehttp "GET /admin/UserProfiles/usercred/4202944d-e3cd-4d78-88f0-d7a094830c03/delete/ HTTP/1.1" 302 0
INFO 2024-09-18 21:23:30,512 basehttp "GET /admin/ HTTP/1.1" 200 61102
INFO 2024-09-18 21:23:36,573 basehttp "GET /admin/UserProfiles/usercred/ HTTP/1.1" 200 58355
INFO 2024-09-18 21:23:39,378 basehttp "GET /admin/ HTTP/1.1" 200 60789
INFO 2024-09-18 21:23:41,698 basehttp "GET /admin/UserProfiles/roles/ HTTP/1.1" 200 54114
INFO 2024-09-18 21:23:41,784 basehttp "GET /admin/jsi18n/ HTTP/1.1" 200 3343
INFO 2024-09-18 21:23:43,551 basehttp "GET /admin/ HTTP/1.1" 200 60789
INFO 2024-09-18 21:23:45,614 basehttp "GET /admin/UserProfiles/staffs/ HTTP/1.1" 200 42244
INFO 2024-09-18 21:23:45,704 basehttp "GET /admin/jsi18n/ HTTP/1.1" 200 3343
INFO 2024-09-18 21:23:48,005 basehttp "GET /admin/UserProfiles/staffs/add/ HTTP/1.1" 200 40414
INFO 2024-09-18 21:23:48,103 basehttp "GET /admin/jsi18n/ HTTP/1.1" 200 3343
INFO 2024-09-18 21:23:48,218 basehttp "GET /static/admin/img/icon-changelink.svg HTTP/1.1" 200 380
INFO 2024-09-18 21:23:48,241 basehttp "GET /static/admin/img/icon-viewlink.svg HTTP/1.1" 200 581
INFO 2024-09-18 21:24:01,358 basehttp "POST /admin/UserProfiles/staffs/add/ HTTP/1.1" 302 0
INFO 2024-09-18 21:24:01,462 basehttp "GET /admin/UserProfiles/staffs/ HTTP/1.1" 200 48365
INFO 2024-09-18 21:24:01,548 basehttp "GET /admin/jsi18n/ HTTP/1.1" 200 3343
INFO 2024-09-18 21:24:06,108 basehttp "GET /admin/ HTTP/1.1" 200 61830
INFO 2024-09-18 21:24:08,642 basehttp "GET /admin/AcademicYear/enrollment/ HTTP/1.1" 200 142692
INFO 2024-09-18 21:24:08,742 basehttp "GET /admin/jsi18n/ HTTP/1.1" 200 3343
INFO 2024-09-18 21:24:12,779 basehttp "GET /admin/ HTTP/1.1" 200 61830
INFO 2024-09-18 21:24:14,053 basehttp "GET /admin/AcademicYear/academicsession/ HTTP/1.1" 200 47056
INFO 2024-09-18 21:24:14,151 basehttp "GET /admin/jsi18n/ HTTP/1.1" 200 3343
INFO 2024-09-18 21:24:16,090 basehttp "GET /admin/ HTTP/1.1" 200 61830
INFO 2024-09-18 21:24:17,352 basehttp "GET /admin/AcademicYear/semester/ HTTP/1.1" 200 55658
INFO 2024-09-18 21:24:17,439 basehttp "GET /admin/jsi18n/ HTTP/1.1" 200 3343
INFO 2024-09-18 21:24:20,851 basehttp "GET /admin/AcademicYear/semester/b8a3eac5-b1f9-4a70-84f3-65ec57dad9e4/change/ HTTP/1.1" 200 42576
INFO 2024-09-18 21:24:20,933 basehttp "GET /admin/jsi18n/ HTTP/1.1" 200 3343
INFO 2024-09-18 21:24:22,205 basehttp "GET /static/unfold/fonts/inter/Inter-Bold.woff2 HTTP/1.1" 200 46552
INFO 2024-09-18 21:24:24,235 basehttp "GET /admin/AcademicYear/semester/ HTTP/1.1" 200 55658
INFO 2024-09-18 21:24:25,958 basehttp "GET /admin/ HTTP/1.1" 200 61830
INFO 2024-09-18 21:24:27,608 basehttp "GET /admin/Actions/announcement/ HTTP/1.1" 200 41920
INFO 2024-09-18 21:24:27,695 basehttp "GET /admin/jsi18n/ HTTP/1.1" 200 3343
INFO 2024-09-18 21:24:29,620 basehttp "GET /admin/ HTTP/1.1" 200 61830
INFO 2024-09-18 21:24:31,428 basehttp "GET /admin/Actions/category/ HTTP/1.1" 200 45016
INFO 2024-09-18 21:24:31,518 basehttp "GET /admin/jsi18n/ HTTP/1.1" 200 3343
INFO 2024-09-18 21:24:34,564 basehttp "GET /admin/ HTTP/1.1" 200 61830
INFO 2024-09-18 21:24:39,809 basehttp "GET /admin/UserProfiles/usercred/ HTTP/1.1" 200 58355
INFO 2024-09-18 21:24:39,898 basehttp "GET /admin/jsi18n/ HTTP/1.1" 200 3343
INFO 2024-09-18 21:24:42,198 basehttp "GET /admin/ HTTP/1.1" 200 61830
INFO 2024-09-18 21:24:43,902 basehttp "GET /admin/UserProfiles/staffs/ HTTP/1.1" 200 47986
INFO 2024-09-18 21:24:43,988 basehttp "GET /admin/jsi18n/ HTTP/1.1" 200 3343
INFO 2024-09-18 21:24:45,608 basehttp "GET /admin/UserProfiles/staffs/77cb7b60-c7e1-4557-899f-adac3d2b33a2/change/ HTTP/1.1" 200 41954
INFO 2024-09-18 21:24:45,699 basehttp "GET /admin/jsi18n/ HTTP/1.1" 200 3343
INFO 2024-09-18 21:24:48,239 basehttp "GET /admin/UserProfiles/staffs/ HTTP/1.1" 200 47986
INFO 2024-09-18 21:24:49,684 basehttp "GET /admin/ HTTP/1.1" 200 61830
INFO 2024-09-18 21:24:53,315 basehttp "GET /admin/UserProfiles/staffs/ HTTP/1.1" 200 47986
INFO 2024-09-18 21:24:53,398 basehttp "GET /admin/jsi18n/ HTTP/1.1" 200 3343
INFO 2024-09-18 21:24:55,178 basehttp "GET /admin/UserProfiles/staffs/77cb7b60-c7e1-4557-899f-adac3d2b33a2/change/ HTTP/1.1" 200 41954
INFO 2024-09-18 21:24:55,259 basehttp "GET /admin/jsi18n/ HTTP/1.1" 200 3343
INFO 2024-09-18 21:24:57,824 basehttp "GET /admin/UserProfiles/staffs/77cb7b60-c7e1-4557-899f-adac3d2b33a2/delete/ HTTP/1.1" 200 35487
INFO 2024-09-18 21:24:59,258 basehttp "POST /admin/UserProfiles/staffs/77cb7b60-c7e1-4557-899f-adac3d2b33a2/delete/ HTTP/1.1" 302 0
INFO 2024-09-18 21:24:59,378 basehttp "GET /admin/UserProfiles/staffs/ HTTP/1.1" 200 42539
INFO 2024-09-18 21:24:59,469 basehttp "GET /admin/jsi18n/ HTTP/1.1" 200 3343
INFO 2024-09-18 21:25:01,230 basehttp "GET /admin/UserProfiles/staffs/77cb7b60-c7e1-4557-899f-adac3d2b33a2/delete/ HTTP/1.1" 302 0
INFO 2024-09-18 21:25:01,341 basehttp "GET /admin/ HTTP/1.1" 200 63102
INFO 2024-09-18 21:25:03,838 basehttp "GET /admin/UserProfiles/usercred/ HTTP/1.1" 200 58355
INFO 2024-09-18 21:25:03,926 basehttp "GET /admin/jsi18n/ HTTP/1.1" 200 3343
INFO 2024-09-18 21:25:05,924 basehttp "GET /admin/UserProfiles/usercred/ HTTP/1.1" 200 58355
INFO 2024-09-18 21:25:06,013 basehttp "GET /admin/jsi18n/ HTTP/1.1" 200 3343
INFO 2024-09-18 21:25:09,543 basehttp "GET /admin/ HTTP/1.1" 200 62788
INFO 2024-09-18 21:25:13,032 basehttp "GET /admin/ HTTP/1.1" 200 62788
INFO 2024-09-18 21:29:29,839 autoreload Watching for file changes with StatReloader
INFO 2024-09-18 21:29:31,872 basehttp "GET / HTTP/1.1" 200 24
INFO 2024-09-18 21:29:34,478 basehttp "GET /admin/ HTTP/1.1" 200 62788
INFO 2024-09-18 21:29:39,251 basehttp "GET /admin/UserProfiles/usercred/ HTTP/1.1" 200 58355
INFO 2024-09-18 21:29:39,342 basehttp "GET /admin/jsi18n/ HTTP/1.1" 200 3343
INFO 2024-09-18 21:29:41,340 basehttp "GET /admin/UserProfiles/usercred/2bd7fdd7-317f-41a9-bad5-6907f6ba71bb/change/ HTTP/1.1" 200 43655
INFO 2024-09-18 21:29:41,426 basehttp "GET /admin/jsi18n/ HTTP/1.1" 200 3343
INFO 2024-09-18 21:29:43,245 basehttp "GET /admin/UserProfiles/usercred/ HTTP/1.1" 200 58355
INFO 2024-09-18 21:35:16,266 autoreload C:\Users\fortu\OneDrive\Documents\AUNRMS\RMS\UserProfiles\models.py changed, reloading.
INFO 2024-09-18 21:35:17,168 autoreload Watching for file changes with StatReloader
INFO 2024-09-18 21:38:41,834 autoreload C:\Users\fortu\OneDrive\Documents\AUNRMS\RMS\UserProfiles\models.py changed, reloading.
INFO 2024-09-18 21:38:42,767 autoreload Watching for file changes with StatReloader
INFO 2024-09-18 21:41:10,098 autoreload C:\Users\fortu\OneDrive\Documents\AUNRMS\RMS\UserProfiles\admin.py changed, reloading.
INFO 2024-09-18 21:41:10,779 autoreload Watching for file changes with StatReloader
INFO 2024-09-18 21:41:19,228 autoreload C:\Users\fortu\OneDrive\Documents\AUNRMS\RMS\UserProfiles\admin.py changed, reloading.
INFO 2024-09-18 21:41:19,897 autoreload Watching for file changes with StatReloader
INFO 2024-09-18 21:43:59,270 autoreload Watching for file changes with StatReloader
INFO 2024-09-18 21:46:41,492 autoreload Watching for file changes with StatReloader
INFO 2024-09-18 21:47:04,592 autoreload Watching for file changes with StatReloader
INFO 2024-09-18 21:47:06,387 basehttp "GET / HTTP/1.1" 200 24
INFO 2024-09-18 21:47:11,957 basehttp "GET /admin/ HTTP/1.1" 200 62788
INFO 2024-09-18 21:47:16,777 basehttp "GET /admin/UserProfiles/usercred/ HTTP/1.1" 200 58355
INFO 2024-09-18 21:47:16,857 basehttp "GET /admin/jsi18n/ HTTP/1.1" 200 3343
INFO 2024-09-18 21:47:19,111 basehttp "GET /admin/UserProfiles/usercred/aedb62f1-725d-49b4-a5b0-c62a2d6ab966/change/ HTTP/1.1" 200 43685
INFO 2024-09-18 21:47:19,187 basehttp "GET /admin/jsi18n/ HTTP/1.1" 200 3343
INFO 2024-09-18 21:47:38,747 basehttp "GET /admin/ HTTP/1.1" 200 62788
INFO 2024-09-18 21:47:52,304 basehttp "POST /admin/logout/ HTTP/1.1" 200 3369
INFO 2024-09-18 21:47:53,733 basehttp "GET /admin/ HTTP/1.1" 302 0
INFO 2024-09-18 21:47:53,757 basehttp "GET /admin/login/?next=/admin/ HTTP/1.1" 200 8411
INFO 2024-09-18 21:48:47,318 basehttp "GET /admin/UserProfiles/usercred/ HTTP/1.1" 302 0
INFO 2024-09-18 21:48:47,327 basehttp "GET /admin/login/?next=/admin/UserProfiles/usercred/ HTTP/1.1" 200 8433
INFO 2024-09-18 21:48:56,580 basehttp "POST /admin/login/?next=/admin/UserProfiles/usercred/ HTTP/1.1" 302 0
INFO 2024-09-18 21:48:56,670 basehttp "GET /admin/UserProfiles/usercred/ HTTP/1.1" 200 58358
INFO 2024-09-18 21:48:56,752 basehttp "GET /admin/jsi18n/ HTTP/1.1" 200 3343
INFO 2024-09-20 11:12:24,530 autoreload Watching for file changes with StatReloader
INFO 2024-09-20 11:12:28,066 basehttp "GET / HTTP/1.1" 200 24
INFO 2024-09-20 11:12:38,820 basehttp "GET /admin/ HTTP/1.1" 200 68804
INFO 2024-09-20 11:12:48,341 basehttp "GET /admin/ HTTP/1.1" 200 68804
INFO 2024-09-20 11:12:57,299 basehttp "POST /admin/logout/ HTTP/1.1" 200 3369
INFO 2024-09-20 11:13:00,140 basehttp "GET /admin/ HTTP/1.1" 302 0
INFO 2024-09-20 11:13:00,181 basehttp "GET /admin/login/?next=/admin/ HTTP/1.1" 200 8399
INFO 2024-09-20 11:13:20,056 autoreload C:\Users\fortu\OneDrive\Documents\AUNRMS\RMS\Dashboard\admin.py changed, reloading.
INFO 2024-09-20 11:13:20,700 autoreload Watching for file changes with StatReloader
INFO 2024-09-20 11:13:23,130 basehttp "GET /admin/login/?next=/admin/ HTTP/1.1" 200 8447
INFO 2024-09-20 11:13:44,922 autoreload C:\Users\fortu\OneDrive\Documents\AUNRMS\RMS\Dashboard\admin.py changed, reloading.
INFO 2024-09-20 11:13:45,639 autoreload Watching for file changes with StatReloader
INFO 2024-09-20 11:13:45,966 basehttp "GET /admin/login/?next=/admin/ HTTP/1.1" 200 8439
INFO 2024-09-20 11:19:12,252 basehttp "GET /admin/login/?next=/admin/ HTTP/1.1" 200 8439
INFO 2024-09-20 11:19:14,169 basehttp "GET /admin/login/?next=/admin/ HTTP/1.1" 200 8439
INFO 2024-09-20 11:19:21,089 basehttp "GET /admin/login/?next=/admin/ HTTP/1.1" 200 8439
INFO 2024-09-20 11:19:22,615 basehttp "GET /admin/login/?next=/admin/ HTTP/1.1" 200 8439
INFO 2024-09-20 11:19:32,228 basehttp "GET /admin/login/?next=/admin/ HTTP/1.1" 200 8439
INFO 2024-09-20 11:19:35,099 basehttp "GET / HTTP/1.1" 200 24
INFO 2024-09-20 11:19:40,285 basehttp "GET /admin/ HTTP/1.1" 302 0
INFO 2024-09-20 11:19:40,294 basehttp "GET /admin/login/?next=/admin/ HTTP/1.1" 200 8439
INFO 2024-09-20 11:22:08,228 basehttp "GET /admin/login/?next=/admin/ HTTP/1.1" 200 8439
INFO 2024-09-20 11:22:09,195 basehttp "GET /admin/login/?next=/admin/ HTTP/1.1" 200 8439
INFO 2024-09-20 11:22:30,091 basehttp "POST /admin/login/?next=/admin/ HTTP/1.1" 302 0
INFO 2024-09-20 11:22:30,270 basehttp "GET /admin/ HTTP/1.1" 200 68824
INFO 2024-09-20 11:22:44,548 basehttp "GET /admin/AcademicYear/academicsession/ HTTP/1.1" 200 47083
INFO 2024-09-20 11:22:44,658 basehttp "GET /admin/jsi18n/ HTTP/1.1" 200 3343
INFO 2024-09-20 11:22:47,125 basehttp "GET /admin/AcademicYear/enrollment/ HTTP/1.1" 200 142719
INFO 2024-09-20 11:22:47,208 basehttp "GET /admin/jsi18n/ HTTP/1.1" 200 3343
INFO 2024-09-20 11:22:48,272 basehttp "GET /admin/AcademicYear/enrollment/ HTTP/1.1" 200 142719
INFO 2024-09-20 11:22:48,368 basehttp "GET /admin/jsi18n/ HTTP/1.1" 200 3343
INFO 2024-09-20 11:22:50,766 basehttp "GET /admin/AcademicYear/semester/ HTTP/1.1" 200 55685
INFO 2024-09-20 11:22:50,859 basehttp "GET /admin/jsi18n/ HTTP/1.1" 200 3343
INFO 2024-09-20 11:22:52,789 basehttp "GET /admin/AcademicYear/staffassignment/ HTTP/1.1" 200 47410
INFO 2024-09-20 11:22:52,882 basehttp "GET /admin/jsi18n/ HTTP/1.1" 200 3343
INFO 2024-09-20 11:22:54,059 basehttp "GET /admin/Actions/announcement/ HTTP/1.1" 200 41947
INFO 2024-09-20 11:22:54,158 basehttp "GET /admin/jsi18n/ HTTP/1.1" 200 3343
INFO 2024-09-20 11:22:55,091 basehttp "GET /admin/Actions/complaint/ HTTP/1.1" 200 41932
INFO 2024-09-20 11:22:55,173 basehttp "GET /admin/jsi18n/ HTTP/1.1" 200 3343
INFO 2024-09-20 11:22:56,214 basehttp "GET /admin/Actions/maintenancerequest/ HTTP/1.1" 200 56785
INFO 2024-09-20 11:22:56,319 basehttp "GET /admin/jsi18n/ HTTP/1.1" 200 3343
INFO 2024-09-20 11:22:56,979 basehttp "GET /admin/Actions/category/ HTTP/1.1" 200 45043
INFO 2024-09-20 11:22:57,067 basehttp "GET /admin/jsi18n/ HTTP/1.1" 200 3343
INFO 2024-09-20 11:22:58,448 basehttp "GET /admin/Actions/subcategory/ HTTP/1.1" 200 66079
INFO 2024-09-20 11:22:58,559 basehttp "GET /admin/jsi18n/ HTTP/1.1" 200 3343
INFO 2024-09-20 11:22:59,709 basehttp "GET /admin/Dorms/dorm/ HTTP/1.1" 200 83363
INFO 2024-09-20 11:22:59,800 basehttp "GET /admin/jsi18n/ HTTP/1.1" 200 3343
INFO 2024-09-20 11:23:01,254 basehttp "GET /admin/Dorms/room/ HTTP/1.1" 200 500055
INFO 2024-09-20 11:23:01,361 basehttp "GET /admin/jsi18n/ HTTP/1.1" 200 3343
INFO 2024-09-20 11:23:05,700 basehttp "GET /admin/Dorms/storageitem/ HTTP/1.1" 200 44545
INFO 2024-09-20 11:23:05,789 basehttp "GET /admin/jsi18n/ HTTP/1.1" 200 3343
INFO 2024-09-20 11:23:08,048 basehttp "GET /admin/UserProfiles/roles/ HTTP/1.1" 200 54141
INFO 2024-09-20 11:23:08,145 basehttp "GET /admin/jsi18n/ HTTP/1.1" 200 3343
INFO 2024-09-20 11:23:11,839 basehttp "GET /admin/ HTTP/1.1" 200 68824
INFO 2024-09-20 11:23:13,362 basehttp "GET /admin/ HTTP/1.1" 200 68824
INFO 2024-09-20 11:23:14,509 basehttp "GET /admin/ HTTP/1.1" 200 68824
INFO 2024-09-20 11:28:33,348 autoreload C:\Users\fortu\OneDrive\Documents\AUNRMS\RMS\RMS\settings.py changed, reloading.
INFO 2024-09-20 11:28:34,188 autoreload Watching for file changes with StatReloader
INFO 2024-09-20 11:28:38,682 basehttp "GET /admin/ HTTP/1.1" 200 68824
INFO 2024-09-20 11:28:49,298 basehttp "POST /admin/logout/ HTTP/1.1" 200 3369
INFO 2024-09-20 11:28:50,530 basehttp "GET /admin/ HTTP/1.1" 302 0
INFO 2024-09-20 11:28:50,563 basehttp "GET /admin/login/?next=/admin/ HTTP/1.1" 200 8439
INFO 2024-09-20 11:59:52,277 autoreload C:\Users\fortu\OneDrive\Documents\AUNRMS\RMS\UserProfiles\admin.py changed, reloading.
INFO 2024-09-20 11:59:53,058 autoreload Watching for file changes with StatReloader
INFO 2024-09-20 11:59:58,467 autoreload C:\Users\fortu\OneDrive\Documents\AUNRMS\RMS\UserProfiles\admin.py changed, reloading.
INFO 2024-09-20 11:59:58,997 autoreload Watching for file changes with StatReloader
INFO 2024-09-20 12:05:28,742 autoreload Watching for file changes with StatReloader
INFO 2024-09-20 12:06:03,346 autoreload Watching for file changes with StatReloader
INFO 2024-09-20 12:06:06,640 basehttp "GET / HTTP/1.1" 200 24
INFO 2024-09-20 12:06:10,107 basehttp "GET /admin/ HTTP/1.1" 302 0
INFO 2024-09-20 12:06:10,156 basehttp "GET /admin/login/?next=/admin/ HTTP/1.1" 200 8439
INFO 2024-09-20 12:06:19,305 basehttp "POST /admin/login/?next=/admin/ HTTP/1.1" 302 0
INFO 2024-09-20 12:06:19,399 basehttp "GET /admin/ HTTP/1.1" 200 68824
INFO 2024-09-20 12:06:27,799 basehttp "GET /admin/UserProfiles/usercred/ HTTP/1.1" 200 58382
INFO 2024-09-20 12:06:27,883 basehttp "GET /admin/jsi18n/ HTTP/1.1" 200 3343
INFO 2024-09-20 12:06:33,457 basehttp "GET /admin/UserProfiles/usercred/aedb62f1-725d-49b4-a5b0-c62a2d6ab966/change/ HTTP/1.1" 200 43558
INFO 2024-09-20 12:06:33,551 basehttp "GET /admin/jsi18n/ HTTP/1.1" 200 3343
INFO 2024-09-20 12:06:42,107 basehttp "GET /admin/UserProfiles/usercred/ HTTP/1.1" 200 58382
INFO 2024-09-20 12:06:44,707 basehttp "GET /admin/UserProfiles/usercred/add/ HTTP/1.1" 200 42024
INFO 2024-09-20 12:06:44,790 basehttp "GET /admin/jsi18n/ HTTP/1.1" 200 3343
INFO 2024-09-20 12:07:25,081 basehttp "POST /admin/UserProfiles/usercred/add/ HTTP/1.1" 302 0
INFO 2024-09-20 12:07:25,164 basehttp "GET /admin/UserProfiles/usercred/ HTTP/1.1" 200 63113
INFO 2024-09-20 12:07:25,234 basehttp "GET /admin/jsi18n/ HTTP/1.1" 200 3343
INFO 2024-09-20 12:07:30,242 basehttp "GET /admin/UserProfiles/usercred/07e93aa6-b1aa-440d-810d-19e7cbc8e712/change/ HTTP/1.1" 200 43585
INFO 2024-09-20 12:07:30,323 basehttp "GET /admin/jsi18n/ HTTP/1.1" 200 3343
INFO 2024-09-20 12:07:32,557 basehttp "GET /admin/UserProfiles/usercred/ HTTP/1.1" 200 62751
INFO 2024-09-20 12:07:36,453 basehttp "GET /admin/UserProfiles/usercred/add/ HTTP/1.1" 200 42024
INFO 2024-09-20 12:07:36,530 basehttp "GET /admin/jsi18n/ HTTP/1.1" 200 3343
INFO 2024-09-20 12:07:38,932 basehttp "GET /admin/UserProfiles/usercred/ HTTP/1.1" 200 62751
INFO 2024-09-20 12:07:42,246 basehttp "POST /admin/logout/ HTTP/1.1" 200 3369
INFO 2024-09-20 12:07:43,686 basehttp "GET /admin/ HTTP/1.1" 302 0
INFO 2024-09-20 12:07:43,696 basehttp "GET /admin/login/?next=/admin/ HTTP/1.1" 200 8439
INFO 2024-09-20 12:07:58,828 basehttp "POST /admin/login/?next=/admin/ HTTP/1.1" 302 0
INFO 2024-09-20 12:07:58,907 basehttp "GET /admin/ HTTP/1.1" 200 10971
INFO 2024-09-20 12:08:41,447 basehttp "POST /admin/logout/ HTTP/1.1" 200 3369
INFO 2024-09-20 12:08:42,812 basehttp "GET /admin/ HTTP/1.1" 302 0
INFO 2024-09-20 12:08:42,822 basehttp "GET /admin/login/?next=/admin/ HTTP/1.1" 200 8439
INFO 2024-09-20 12:08:49,270 basehttp "POST /admin/login/?next=/admin/ HTTP/1.1" 302 0
INFO 2024-09-20 12:08:49,330 basehttp "GET /admin/ HTTP/1.1" 200 68833
INFO 2024-09-20 12:08:56,709 basehttp "GET /admin/UserProfiles/usercred/ HTTP/1.1" 200 62751
INFO 2024-09-20 12:08:56,776 basehttp "GET /admin/jsi18n/ HTTP/1.1" 200 3343
INFO 2024-09-20 12:09:02,157 basehttp "GET /admin/UserProfiles/residents/ HTTP/1.1" 200 41078
INFO 2024-09-20 12:09:02,215 basehttp "GET /admin/jsi18n/ HTTP/1.1" 200 3343
INFO 2024-09-20 12:09:07,531 basehttp "GET /admin/UserProfiles/residents/add/ HTTP/1.1" 200 39166
INFO 2024-09-20 12:09:07,595 basehttp "GET /admin/jsi18n/ HTTP/1.1" 200 3343
INFO 2024-09-20 12:09:17,777 basehttp "POST /admin/UserProfiles/residents/add/ HTTP/1.1" 302 0
INFO 2024-09-20 12:09:17,841 basehttp "GET /admin/UserProfiles/residents/ HTTP/1.1" 200 47258
INFO 2024-09-20 12:09:17,904 basehttp "GET /admin/jsi18n/ HTTP/1.1" 200 3343
INFO 2024-09-20 12:09:24,147 basehttp "POST /admin/logout/ HTTP/1.1" 200 3369
INFO 2024-09-20 12:09:25,947 basehttp "GET /admin/ HTTP/1.1" 302 0
INFO 2024-09-20 12:09:25,957 basehttp "GET /admin/login/?next=/admin/ HTTP/1.1" 200 8439
INFO 2024-09-20 12:09:35,007 basehttp "POST /admin/login/?next=/admin/ HTTP/1.1" 302 0
INFO 2024-09-20 12:09:35,057 basehttp "GET /admin/ HTTP/1.1" 200 10971
INFO 2024-09-20 12:09:38,857 basehttp "GET /admin/ HTTP/1.1" 200 10971
INFO 2024-09-20 12:09:45,347 basehttp "POST /admin/logout/ HTTP/1.1" 200 3369
INFO 2024-09-20 12:09:46,567 basehttp "GET /admin/ HTTP/1.1" 302 0
INFO 2024-09-20 12:09:46,578 basehttp "GET /admin/login/?next=/admin/ HTTP/1.1" 200 8439
INFO 2024-09-20 12:09:54,719 basehttp "POST /admin/login/?next=/admin/ HTTP/1.1" 302 0
INFO 2024-09-20 12:09:54,782 basehttp "GET /admin/ HTTP/1.1" 200 68860
INFO 2024-09-20 12:10:01,977 basehttp "GET /admin/UserProfiles/usercred/ HTTP/1.1" 200 62751
INFO 2024-09-20 12:10:02,038 basehttp "GET /admin/jsi18n/ HTTP/1.1" 200 3343
INFO 2024-09-20 12:10:11,497 basehttp "GET /admin/UserProfiles/residents/ HTTP/1.1" 200 46881
INFO 2024-09-20 12:10:11,559 basehttp "GET /admin/jsi18n/ HTTP/1.1" 200 3343
INFO 2024-09-20 12:10:19,227 basehttp "GET /admin/UserProfiles/staffs/ HTTP/1.1" 200 42172
INFO 2024-09-20 12:10:19,294 basehttp "GET /admin/jsi18n/ HTTP/1.1" 200 3343
INFO 2024-09-20 12:10:26,360 basehttp "GET /admin/AcademicYear/academicsession/ HTTP/1.1" 200 47083
INFO 2024-09-20 12:10:26,418 basehttp "GET /admin/jsi18n/ HTTP/1.1" 200 3343
INFO 2024-09-20 12:10:27,823 basehttp "GET /admin/AcademicYear/semester/ HTTP/1.1" 200 55685
INFO 2024-09-20 12:10:27,881 basehttp "GET /admin/jsi18n/ HTTP/1.1" 200 3343
INFO 2024-09-20 12:10:30,419 basehttp "GET /admin/AcademicYear/staffassignment/ HTTP/1.1" 200 47410
INFO 2024-09-20 12:10:30,475 basehttp "GET /admin/jsi18n/ HTTP/1.1" 200 3343
INFO 2024-09-20 12:10:31,947 basehttp "GET /admin/AcademicYear/semester/ HTTP/1.1" 200 55685
INFO 2024-09-20 12:10:32,011 basehttp "GET /admin/jsi18n/ HTTP/1.1" 200 3343
INFO 2024-09-20 12:10:33,039 basehttp "GET /admin/AcademicYear/staffassignment/ HTTP/1.1" 200 47410
INFO 2024-09-20 12:10:33,101 basehttp "GET /admin/jsi18n/ HTTP/1.1" 200 3343
INFO 2024-09-20 12:10:34,127 basehttp "GET /admin/Actions/complaint/ HTTP/1.1" 200 41932
INFO 2024-09-20 12:10:34,197 basehttp "GET /admin/jsi18n/ HTTP/1.1" 200 3343
INFO 2024-09-20 12:10:42,197 basehttp "GET /admin/AcademicYear/semester/ HTTP/1.1" 200 55685
INFO 2024-09-20 12:10:42,263 basehttp "GET /admin/jsi18n/ HTTP/1.1" 200 3343
INFO 2024-09-20 12:10:44,423 basehttp "GET /admin/AcademicYear/staffassignment/ HTTP/1.1" 200 47410
INFO 2024-09-20 12:10:44,489 basehttp "GET /admin/jsi18n/ HTTP/1.1" 200 3343
INFO 2024-09-20 12:10:45,920 basehttp "GET /admin/AcademicYear/semester/ HTTP/1.1" 200 55685
INFO 2024-09-20 12:10:45,982 basehttp "GET /admin/jsi18n/ HTTP/1.1" 200 3343
INFO 2024-09-20 12:10:49,147 basehttp "GET /admin/AcademicYear/enrollment/ HTTP/1.1" 200 142719
INFO 2024-09-20 12:10:49,211 basehttp "GET /admin/jsi18n/ HTTP/1.1" 200 3343
INFO 2024-09-20 12:10:50,558 basehttp "GET /admin/AcademicYear/academicsession/ HTTP/1.1" 200 47083
INFO 2024-09-20 12:10:50,619 basehttp "GET /admin/jsi18n/ HTTP/1.1" 200 3343
INFO 2024-09-20 12:10:54,227 basehttp "GET /admin/UserProfiles/usercred/ HTTP/1.1" 200 62751
INFO 2024-09-20 12:10:54,294 basehttp "GET /admin/jsi18n/ HTTP/1.1" 200 3343
INFO 2024-09-20 12:11:29,299 basehttp "GET /admin/AcademicYear/academicsession/ HTTP/1.1" 200 47083
INFO 2024-09-20 12:11:29,480 basehttp "GET /admin/jsi18n/ HTTP/1.1" 200 3343
INFO 2024-09-20 12:11:30,890 basehttp "GET /admin/AcademicYear/enrollment/ HTTP/1.1" 200 142719
INFO 2024-09-20 12:11:30,961 basehttp "GET /admin/jsi18n/ HTTP/1.1" 200 3343
INFO 2024-09-20 12:11:32,502 basehttp "GET /admin/AcademicYear/semester/ HTTP/1.1" 200 55685
INFO 2024-09-20 12:11:32,562 basehttp "GET /admin/jsi18n/ HTTP/1.1" 200 3343
INFO 2024-09-20 12:11:36,171 basehttp "GET /admin/Actions/maintenancerequest/ HTTP/1.1" 200 56785
INFO 2024-09-20 12:11:36,230 basehttp "GET /admin/jsi18n/ HTTP/1.1" 200 3343
INFO 2024-09-20 12:11:38,051 basehttp "GET /admin/AcademicYear/semester/ HTTP/1.1" 200 55685
INFO 2024-09-20 12:11:38,108 basehttp "GET /admin/jsi18n/ HTTP/1.1" 200 3343
INFO 2024-09-20 12:11:46,074 basehttp "GET /admin/Actions/maintenancerequest/ HTTP/1.1" 200 56785
INFO 2024-09-20 12:11:46,138 basehttp "GET /admin/jsi18n/ HTTP/1.1" 200 3343
INFO 2024-09-20 12:11:47,967 basehttp "GET /admin/Actions/subcategory/ HTTP/1.1" 200 66079
INFO 2024-09-20 12:11:48,025 basehttp "GET /admin/jsi18n/ HTTP/1.1" 200 3343
INFO 2024-09-20 12:11:54,527 basehttp "GET /admin/Dorms/dorm/ HTTP/1.1" 200 83363
INFO 2024-09-20 12:11:54,589 basehttp "GET /admin/jsi18n/ HTTP/1.1" 200 3343
INFO 2024-09-20 12:11:56,257 basehttp "GET /admin/Dorms/room/ HTTP/1.1" 200 500055
INFO 2024-09-20 12:11:56,327 basehttp "GET /admin/jsi18n/ HTTP/1.1" 200 3343
INFO 2024-09-20 12:12:04,917 basehttp "GET /admin/Dorms/room/?o=2.1 HTTP/1.1" 200 504720
INFO 2024-09-20 12:12:04,980 basehttp "GET /admin/jsi18n/ HTTP/1.1" 200 3343
INFO 2024-09-20 12:12:10,345 basehttp "GET /admin/Dorms/room/?q=EE%20202 HTTP/1.1" 200 60313
INFO 2024-09-20 12:12:10,407 basehttp "GET /admin/jsi18n/ HTTP/1.1" 200 3343
INFO 2024-09-20 12:12:14,007 basehttp "GET /admin/Dorms/room/7b75cb39-f8fd-4a28-96bd-04467b1a958b/change/?_changelist_filters=q%3DEE%2B202 HTTP/1.1" 200 44104
INFO 2024-09-20 12:12:14,076 basehttp "GET /admin/jsi18n/ HTTP/1.1" 200 3343
INFO 2024-09-20 12:12:17,147 basehttp "GET /admin/Dorms/room/?q=EE%20202 HTTP/1.1" 200 60313
INFO 2024-09-20 12:12:23,540 basehttp "GET /admin/Actions/subcategory/ HTTP/1.1" 200 66079
INFO 2024-09-20 12:12:23,605 basehttp "GET /admin/jsi18n/ HTTP/1.1" 200 3343
INFO 2024-09-20 12:12:25,073 basehttp "GET /admin/Actions/category/ HTTP/1.1" 200 45043
INFO 2024-09-20 12:12:25,143 basehttp "GET /admin/jsi18n/ HTTP/1.1" 200 3343
INFO 2024-09-20 12:12:27,615 basehttp "GET /admin/AcademicYear/academicsession/ HTTP/1.1" 200 47083
INFO 2024-09-20 12:12:27,672 basehttp "GET /admin/jsi18n/ HTTP/1.1" 200 3343
INFO 2024-09-20 12:12:29,877 basehttp "GET /admin/AcademicYear/enrollment/ HTTP/1.1" 200 142719
INFO 2024-09-20 12:12:29,947 basehttp "GET /admin/jsi18n/ HTTP/1.1" 200 3343
INFO 2024-09-20 12:12:31,084 basehttp "GET /admin/AcademicYear/staffassignment/ HTTP/1.1" 200 47410
INFO 2024-09-20 12:12:31,147 basehttp "GET /admin/jsi18n/ HTTP/1.1" 200 3343
INFO 2024-09-20 12:12:32,737 basehttp "GET /admin/Actions/announcement/ HTTP/1.1" 200 41947
INFO 2024-09-20 12:12:32,800 basehttp "GET /admin/jsi18n/ HTTP/1.1" 200 3343
INFO 2024-09-20 12:12:34,522 basehttp "GET /admin/Actions/complaint/ HTTP/1.1" 200 41932
INFO 2024-09-20 12:12:34,583 basehttp "GET /admin/jsi18n/ HTTP/1.1" 200 3343
INFO 2024-09-20 12:12:36,203 basehttp "GET /admin/AcademicYear/academicsession/ HTTP/1.1" 200 47083
INFO 2024-09-20 12:12:36,265 basehttp "GET /admin/jsi18n/ HTTP/1.1" 200 3343
INFO 2024-09-20 12:12:42,277 basehttp "GET /admin/AcademicYear/enrollment/ HTTP/1.1" 200 142719
INFO 2024-09-20 12:12:42,343 basehttp "GET /admin/jsi18n/ HTTP/1.1" 200 3343
INFO 2024-09-20 12:13:01,380 basehttp "GET /admin/UserProfiles/usercred/ HTTP/1.1" 200 62751
INFO 2024-09-20 12:13:01,442 basehttp "GET /admin/jsi18n/ HTTP/1.1" 200 3343
INFO 2024-09-20 12:13:10,392 basehttp "GET /admin/UserProfiles/usercred/2bd7fdd7-317f-41a9-bad5-6907f6ba71bb/change/ HTTP/1.1" 200 43528
INFO 2024-09-20 12:13:10,459 basehttp "GET /admin/jsi18n/ HTTP/1.1" 200 3343
INFO 2024-09-20 12:13:12,024 basehttp "GET /admin/UserProfiles/usercred/ HTTP/1.1" 200 62751
INFO 2024-09-20 12:13:14,447 basehttp "GET /admin/UserProfiles/usercred/07e93aa6-b1aa-440d-810d-19e7cbc8e712/change/ HTTP/1.1" 200 43585
INFO 2024-09-20 12:13:14,512 basehttp "GET /admin/jsi18n/ HTTP/1.1" 200 3343
INFO 2024-09-20 12:13:22,997 basehttp "GET /admin/UserProfiles/usercred/ HTTP/1.1" 200 62751
INFO 2024-09-20 12:13:27,451 basehttp "GET /admin/UserProfiles/residents/ HTTP/1.1" 200 46881
INFO 2024-09-20 12:13:27,511 basehttp "GET /admin/jsi18n/ HTTP/1.1" 200 3343
INFO 2024-09-20 12:13:31,818 basehttp "GET /admin/UserProfiles/roles/ HTTP/1.1" 200 54141
INFO 2024-09-20 12:13:31,899 basehttp "GET /admin/jsi18n/ HTTP/1.1" 200 3343
INFO 2024-09-20 12:13:33,896 basehttp "GET /admin/UserProfiles/staffs/ HTTP/1.1" 200 42172
INFO 2024-09-20 12:13:33,955 basehttp "GET /admin/jsi18n/ HTTP/1.1" 200 3343
INFO 2024-09-20 12:13:38,777 basehttp "GET /admin/UserProfiles/staffs/add/ HTTP/1.1" 200 40526
INFO 2024-09-20 12:13:38,855 basehttp "GET /admin/jsi18n/ HTTP/1.1" 200 3343
INFO 2024-09-20 12:13:52,897 basehttp "POST /admin/UserProfiles/staffs/add/ HTTP/1.1" 302 0
INFO 2024-09-20 12:13:52,965 basehttp "GET /admin/UserProfiles/staffs/ HTTP/1.1" 200 48295
INFO 2024-09-20 12:13:53,027 basehttp "GET /admin/jsi18n/ HTTP/1.1" 200 3343
INFO 2024-09-20 12:14:05,620 basehttp "GET /admin/UserProfiles/usercred/ HTTP/1.1" 200 62751
INFO 2024-09-20 12:14:05,688 basehttp "GET /admin/jsi18n/ HTTP/1.1" 200 3343
INFO 2024-09-20 12:14:07,287 basehttp "GET /admin/UserProfiles/usercred/2bd7fdd7-317f-41a9-bad5-6907f6ba71bb/change/ HTTP/1.1" 200 43528
INFO 2024-09-20 12:14:07,348 basehttp "GET /admin/jsi18n/ HTTP/1.1" 200 3343
INFO 2024-09-20 12:14:17,657 basehttp "POST /admin/UserProfiles/usercred/2bd7fdd7-317f-41a9-bad5-6907f6ba71bb/change/ HTTP/1.1" 302 0
INFO 2024-09-20 12:14:17,721 basehttp "GET /admin/UserProfiles/usercred/ HTTP/1.1" 200 63106
INFO 2024-09-20 12:14:17,793 basehttp "GET /admin/jsi18n/ HTTP/1.1" 200 3343
INFO 2024-09-20 12:14:28,895 basehttp "GET / HTTP/1.1" 200 24
INFO 2024-09-20 12:14:32,049 basehttp "POST /admin/logout/ HTTP/1.1" 200 3369
INFO 2024-09-20 12:14:33,618 basehttp "GET /admin/ HTTP/1.1" 302 0
INFO 2024-09-20 12:14:33,630 basehttp "GET /admin/login/?next=/admin/ HTTP/1.1" 200 8439
INFO 2024-09-20 12:15:05,127 basehttp "POST /admin/login/?next=/admin/ HTTP/1.1" 200 9175
INFO 2024-09-20 12:15:18,928 basehttp "POST /admin/login/?next=/admin/ HTTP/1.1" 302 0
INFO 2024-09-20 12:15:18,986 basehttp "GET /admin/ HTTP/1.1" 200 68951
INFO 2024-09-20 12:15:27,167 basehttp "GET /admin/UserProfiles/usercred/ HTTP/1.1" 200 62748
INFO 2024-09-20 12:15:27,339 basehttp "GET /admin/jsi18n/ HTTP/1.1" 200 3343
INFO 2024-09-20 12:15:30,261 basehttp "GET /admin/UserProfiles/usercred/2bd7fdd7-317f-41a9-bad5-6907f6ba71bb/change/ HTTP/1.1" 200 43516
INFO 2024-09-20 12:15:30,331 basehttp "GET /admin/jsi18n/ HTTP/1.1" 200 3343
INFO 2024-09-20 12:15:32,182 basehttp "GET /admin/UserProfiles/usercred/2bd7fdd7-317f-41a9-bad5-6907f6ba71bb/delete/ HTTP/1.1" 200 35966
INFO 2024-09-20 12:15:40,197 basehttp "POST /admin/UserProfiles/usercred/2bd7fdd7-317f-41a9-bad5-6907f6ba71bb/delete/ HTTP/1.1" 302 0
INFO 2024-09-20 12:15:40,264 basehttp "GET /admin/UserProfiles/usercred/ HTTP/1.1" 200 58670
INFO 2024-09-20 12:15:40,338 basehttp "GET /admin/jsi18n/ HTTP/1.1" 200 3343
INFO 2024-09-20 12:15:49,037 basehttp "GET /admin/UserProfiles/usercred/add/ HTTP/1.1" 200 42024
INFO 2024-09-20 12:15:49,101 basehttp "GET /admin/jsi18n/ HTTP/1.1" 200 3343
INFO 2024-09-20 12:16:21,182 basehttp "POST /admin/UserProfiles/usercred/add/ HTTP/1.1" 302 0
INFO 2024-09-20 12:16:21,238 basehttp "GET /admin/UserProfiles/usercred/ HTTP/1.1" 200 63133
INFO 2024-09-20 12:16:21,311 basehttp "GET /admin/jsi18n/ HTTP/1.1" 200 3343
INFO 2024-09-20 12:16:26,687 basehttp "GET /admin/UserProfiles/usercred/add/ HTTP/1.1" 200 42024
INFO 2024-09-20 12:16:26,855 basehttp "GET /admin/jsi18n/ HTTP/1.1" 200 3343
INFO 2024-09-20 12:17:05,987 basehttp "POST /admin/UserProfiles/usercred/add/ HTTP/1.1" 302 0
INFO 2024-09-20 12:17:06,048 basehttp "GET /admin/UserProfiles/usercred/ HTTP/1.1" 200 67536
INFO 2024-09-20 12:17:06,115 basehttp "GET /admin/jsi18n/ HTTP/1.1" 200 3343
INFO 2024-09-20 12:17:12,797 basehttp "GET /admin/UserProfiles/usercred/aedb62f1-725d-49b4-a5b0-c62a2d6ab966/change/ HTTP/1.1" 200 43558
INFO 2024-09-20 12:17:12,867 basehttp "GET /admin/jsi18n/ HTTP/1.1" 200 3343
INFO 2024-09-20 12:17:21,580 basehttp "POST /admin/UserProfiles/usercred/aedb62f1-725d-49b4-a5b0-c62a2d6ab966/change/ HTTP/1.1" 302 0
INFO 2024-09-20 12:17:21,629 basehttp "GET /admin/UserProfiles/usercred/ HTTP/1.1" 302 0
INFO 2024-09-20 12:17:21,637 basehttp "GET /admin/login/?next=/admin/UserProfiles/usercred/ HTTP/1.1" 200 8461
INFO 2024-09-20 12:17:31,663 basehttp "POST /admin/login/?next=/admin/UserProfiles/usercred/ HTTP/1.1" 200 9203
INFO 2024-09-20 12:17:37,697 basehttp "GET /admin/login/?next=/admin/UserProfiles/usercred/ HTTP/1.1" 200 8461
INFO 2024-09-20 12:17:38,324 basehttp "GET /admin/UserProfiles/usercred/aedb62f1-725d-49b4-a5b0-c62a2d6ab966/change/ HTTP/1.1" 302 0
INFO 2024-09-20 12:17:38,332 basehttp "GET /admin/login/?next=/admin/UserProfiles/usercred/aedb62f1-725d-49b4-a5b0-c62a2d6ab966/change/ HTTP/1.1" 200 8505
INFO 2024-09-20 12:17:39,017 basehttp "GET /admin/UserProfiles/usercred/ HTTP/1.1" 302 0
INFO 2024-09-20 12:17:39,032 basehttp "GET /admin/login/?next=/admin/UserProfiles/usercred/ HTTP/1.1" 200 8461
INFO 2024-09-20 12:17:47,692 basehttp "GET /admin/login/?next=/admin/UserProfiles/usercred/ HTTP/1.1" 200 8461
INFO 2024-09-20 12:17:47,919 basehttp "GET /admin/login/?next=/admin/UserProfiles/usercred/ HTTP/1.1" 200 8461
INFO 2024-09-20 12:17:53,270 basehttp "GET /admin/login/?next=/admin/UserProfiles/usercred/ HTTP/1.1" 200 8461
INFO 2024-09-20 12:18:07,647 basehttp "POST /admin/login/?next=/admin/UserProfiles/usercred/ HTTP/1.1" 200 9203
INFO 2024-09-20 12:18:57,100 autoreload Watching for file changes with StatReloader
INFO 2024-09-20 12:18:58,957 basehttp "POST /admin/login/?next=/admin/UserProfiles/usercred/ HTTP/1.1" 302 0
INFO 2024-09-20 12:18:59,072 basehttp "GET /admin/UserProfiles/usercred/ HTTP/1.1" 200 71900
INFO 2024-09-20 12:18:59,236 basehttp "GET /admin/jsi18n/ HTTP/1.1" 200 3343
INFO 2024-09-20 12:19:04,566 basehttp "GET /admin/UserProfiles/usercred/aedb62f1-725d-49b4-a5b0-c62a2d6ab966/change/ HTTP/1.1" 200 43583
INFO 2024-09-20 12:19:04,631 basehttp "GET /admin/jsi18n/ HTTP/1.1" 200 3343
INFO 2024-09-20 12:19:17,081 basehttp "POST /admin/UserProfiles/usercred/aedb62f1-725d-49b4-a5b0-c62a2d6ab966/change/ HTTP/1.1" 302 0
INFO 2024-09-20 12:19:17,143 basehttp "GET /admin/UserProfiles/usercred/ HTTP/1.1" 200 71900
INFO 2024-09-20 12:19:17,315 basehttp "GET /admin/jsi18n/ HTTP/1.1" 200 3343
INFO 2024-09-20 12:19:23,077 basehttp "POST /admin/logout/ HTTP/1.1" 200 3369
INFO 2024-09-20 12:19:24,415 basehttp "GET /admin/ HTTP/1.1" 302 0
INFO 2024-09-20 12:19:24,434 basehttp "GET /admin/login/?next=/admin/ HTTP/1.1" 200 8439
INFO 2024-09-20 12:19:31,067 basehttp "POST /admin/login/?next=/admin/ HTTP/1.1" 302 0
INFO 2024-09-20 12:19:31,131 basehttp "GET /admin/ HTTP/1.1" 200 69024
INFO 2024-09-20 12:19:37,837 basehttp "GET /admin/UserProfiles/usercred/ HTTP/1.1" 200 71539
INFO 2024-09-20 12:19:37,904 basehttp "GET /admin/jsi18n/ HTTP/1.1" 200 3343
INFO 2024-09-20 12:19:53,000 basehttp "GET /admin/UserProfiles/roles/ HTTP/1.1" 200 54141
INFO 2024-09-20 12:19:53,070 basehttp "GET /admin/jsi18n/ HTTP/1.1" 200 3343
INFO 2024-09-20 12:20:02,378 basehttp "GET /admin/UserProfiles/staffs/ HTTP/1.1" 200 42172
INFO 2024-09-20 12:20:02,442 basehttp "GET /admin/jsi18n/ HTTP/1.1" 200 3343
INFO 2024-09-20 12:20:04,183 basehttp "GET /admin/UserProfiles/staffs/add/ HTTP/1.1" 200 40684
INFO 2024-09-20 12:20:04,247 basehttp "GET /admin/jsi18n/ HTTP/1.1" 200 3343
INFO 2024-09-20 12:20:12,250 basehttp "POST /admin/UserProfiles/staffs/add/ HTTP/1.1" 302 0
INFO 2024-09-20 12:20:12,309 basehttp "GET /admin/UserProfiles/staffs/ HTTP/1.1" 200 48289
INFO 2024-09-20 12:20:12,369 basehttp "GET /admin/jsi18n/ HTTP/1.1" 200 3343
INFO 2024-09-20 12:20:15,667 basehttp "POST /admin/logout/ HTTP/1.1" 200 3369
INFO 2024-09-20 12:20:16,925 basehttp "GET /admin/ HTTP/1.1" 302 0
INFO 2024-09-20 12:20:16,937 basehttp "GET /admin/login/?next=/admin/ HTTP/1.1" 200 8439
INFO 2024-09-20 12:20:23,696 basehttp "POST /admin/login/?next=/admin/ HTTP/1.1" 302 0
INFO 2024-09-20 12:20:23,747 basehttp "GET /admin/ HTTP/1.1" 200 10965
INFO 2024-09-20 12:20:27,498 basehttp "GET /admin/toggle-sidebar/ HTTP/1.1" 200 0
INFO 2024-09-20 12:20:30,317 basehttp "GET /admin/toggle-sidebar/ HTTP/1.1" 200 0
INFO 2024-09-20 12:20:42,496 basehttp "GET / HTTP/1.1" 200 24
INFO 2024-09-20 12:20:45,551 basehttp "POST /admin/logout/ HTTP/1.1" 200 3369
INFO 2024-09-20 12:20:47,360 basehttp "GET /admin/ HTTP/1.1" 302 0
INFO 2024-09-20 12:20:47,367 basehttp "GET /admin/login/?next=/admin/ HTTP/1.1" 200 8439
INFO 2024-09-20 12:20:55,767 basehttp "POST /admin/login/?next=/admin/ HTTP/1.1" 302 0
INFO 2024-09-20 12:20:55,821 basehttp "GET /admin/ HTTP/1.1" 200 59962
INFO 2024-09-20 12:20:58,789 basehttp "GET /admin/UserProfiles/usercred/ HTTP/1.1" 200 71536
INFO 2024-09-20 12:20:58,854 basehttp "GET /admin/jsi18n/ HTTP/1.1" 200 3343
INFO 2024-09-20 12:21:02,549 basehttp "GET /admin/UserProfiles/roles/ HTTP/1.1" 200 54138
INFO 2024-09-20 12:21:02,618 basehttp "GET /admin/jsi18n/ HTTP/1.1" 200 3343
INFO 2024-09-20 12:21:04,007 basehttp "GET /admin/UserProfiles/roles/6f63f59d-fd3a-44c2-82ec-eea315669f69/change/ HTTP/1.1" 200 47188
INFO 2024-09-20 12:21:04,090 basehttp "GET /admin/jsi18n/ HTTP/1.1" 200 3343
INFO 2024-09-20 12:21:04,142 basehttp "GET /static/admin/js/SelectFilter2.js HTTP/1.1" 200 15292
INFO 2024-09-20 12:21:04,142 basehttp "GET /static/admin/js/SelectBox.js HTTP/1.1" 200 4530
INFO 2024-09-20 12:21:11,977 basehttp "GET /admin/UserProfiles/roles/ HTTP/1.1" 200 54138
INFO 2024-09-20 12:21:13,957 basehttp "GET /admin/UserProfiles/roles/dcdcbed9-f8df-49c6-aa92-a34fae879b94/change/ HTTP/1.1" 200 47389
INFO 2024-09-20 12:21:14,031 basehttp "GET /admin/jsi18n/ HTTP/1.1" 200 3343
INFO 2024-09-20 12:21:44,686 basehttp "POST /admin/UserProfiles/roles/dcdcbed9-f8df-49c6-aa92-a34fae879b94/change/ HTTP/1.1" 302 0
INFO 2024-09-20 12:21:44,748 basehttp "GET /admin/UserProfiles/roles/ HTTP/1.1" 200 54499
INFO 2024-09-20 12:21:44,839 basehttp "GET /admin/jsi18n/ HTTP/1.1" 200 3343
INFO 2024-09-20 12:21:49,552 basehttp "POST /admin/logout/ HTTP/1.1" 200 3369
INFO 2024-09-20 12:21:51,191 basehttp "GET /admin/ HTTP/1.1" 302 0
INFO 2024-09-20 12:21:51,203 basehttp "GET /admin/login/?next=/admin/ HTTP/1.1" 200 8439
INFO 2024-09-20 12:21:59,168 basehttp "POST /admin/login/?next=/admin/ HTTP/1.1" 302 0
INFO 2024-09-20 12:21:59,233 basehttp "GET /admin/ HTTP/1.1" 200 10965
INFO 2024-09-20 12:22:01,024 basehttp "GET /admin/toggle-sidebar/ HTTP/1.1" 200 0
INFO 2024-09-20 12:22:02,707 basehttp "GET /admin/ HTTP/1.1" 200 10965
INFO 2024-09-20 12:22:12,437 basehttp "POST /admin/logout/ HTTP/1.1" 200 3369
INFO 2024-09-20 12:22:13,563 basehttp "GET /admin/ HTTP/1.1" 302 0
INFO 2024-09-20 12:22:13,574 basehttp "GET /admin/login/?next=/admin/ HTTP/1.1" 200 8439
INFO 2024-09-20 12:22:23,586 basehttp "POST /admin/login/?next=/admin/ HTTP/1.1" 302 0
INFO 2024-09-20 12:22:23,774 basehttp "GET /admin/ HTTP/1.1" 200 69043
INFO 2024-09-20 12:22:28,881 basehttp "GET /admin/UserProfiles/usercred/ HTTP/1.1" 200 71539
INFO 2024-09-20 12:22:28,944 basehttp "GET /admin/jsi18n/ HTTP/1.1" 200 3343
INFO 2024-09-20 15:30:33,591 autoreload Watching for file changes with StatReloader
INFO 2024-09-20 15:31:50,337 basehttp "GET / HTTP/1.1" 200 24
INFO 2024-09-20 15:32:32,681 basehttp "GET /admin/ HTTP/1.1" 200 69043
INFO 2024-09-20 15:32:37,372 basehttp "POST /admin/logout/ HTTP/1.1" 200 3369
INFO 2024-09-20 15:32:39,224 basehttp "GET /admin/ HTTP/1.1" 302 0
INFO 2024-09-20 15:32:39,255 basehttp "GET /admin/login/?next=/admin/ HTTP/1.1" 200 8439
INFO 2024-09-20 15:33:02,241 basehttp "POST /admin/login/?next=/admin/ HTTP/1.1" 302 0
INFO 2024-09-20 15:33:02,356 basehttp "GET /admin/ HTTP/1.1" 200 69043
INFO 2024-09-20 15:33:04,181 basehttp "GET /admin/AcademicYear/academicsession/ HTTP/1.1" 200 47083
INFO 2024-09-20 15:33:04,287 basehttp "GET /admin/jsi18n/ HTTP/1.1" 200 3343
INFO 2024-09-20 15:33:16,123 basehttp "GET /admin/AcademicYear/academicsession/bcf34f9d-1104-4090-ae44-47831322188b/change/ HTTP/1.1" 200 40603
INFO 2024-09-20 15:33:16,214 basehttp "GET /admin/jsi18n/ HTTP/1.1" 200 3343
INFO 2024-09-20 15:33:29,223 basehttp "GET /admin/AcademicYear/enrollment/ HTTP/1.1" 200 142719
INFO 2024-09-20 15:33:29,317 basehttp "GET /admin/jsi18n/ HTTP/1.1" 200 3343
INFO 2024-09-20 15:33:30,066 basehttp "GET /admin/AcademicYear/semester/ HTTP/1.1" 200 55685
INFO 2024-09-20 15:33:30,201 basehttp "GET /admin/jsi18n/ HTTP/1.1" 200 3343
INFO 2024-09-20 15:33:32,626 basehttp "GET /admin/AcademicYear/semester/b8a3eac5-b1f9-4a70-84f3-65ec57dad9e4/change/ HTTP/1.1" 200 42603
INFO 2024-09-20 15:33:32,712 basehttp "GET /admin/jsi18n/ HTTP/1.1" 200 3343
INFO 2024-09-20 15:33:38,656 basehttp "GET /admin/AcademicYear/semester/ HTTP/1.1" 200 55685
INFO 2024-09-20 15:33:44,888 basehttp "GET /admin/AcademicYear/semester/?o=5.3 HTTP/1.1" 200 57492
INFO 2024-09-20 15:33:44,992 basehttp "GET /admin/jsi18n/ HTTP/1.1" 200 3343
INFO 2024-09-20 15:33:51,607 basehttp "GET /admin/AcademicYear/staffassignment/ HTTP/1.1" 200 47410
INFO 2024-09-20 15:33:51,699 basehttp "GET /admin/jsi18n/ HTTP/1.1" 200 3343
INFO 2024-09-20 15:33:53,873 basehttp "GET /admin/AcademicYear/staffassignment/add/ HTTP/1.1" 200 47505
INFO 2024-09-20 15:33:54,004 basehttp "GET /admin/jsi18n/ HTTP/1.1" 200 3343
INFO 2024-09-20 15:33:54,331 basehttp "GET /static/admin/css/autocomplete.css HTTP/1.1" 200 9114
INFO 2024-09-20 15:33:54,346 basehttp "GET /static/admin/js/vendor/select2/i18n/en.js HTTP/1.1" 200 844
INFO 2024-09-20 15:33:54,348 basehttp "GET /static/admin/js/vendor/select2/select2.full.js HTTP/1.1" 200 173566
INFO 2024-09-20 15:33:54,350 basehttp "GET /static/admin/js/autocomplete.js HTTP/1.1" 200 1060
INFO 2024-09-20 15:33:54,352 basehttp "GET /static/admin/css/vendor/select2/select2.css HTTP/1.1" 200 17358
INFO 2024-09-20 15:33:55,601 basehttp "GET /admin/autocomplete/?app_label=AcademicYear&model_name=staffassignment&field_name=staff HTTP/1.1" 200 139
INFO 2024-09-20 15:34:06,718 basehttp "GET /admin/Actions/announcement/ HTTP/1.1" 200 41947
INFO 2024-09-20 15:34:06,805 basehttp "GET /admin/jsi18n/ HTTP/1.1" 200 3343
INFO 2024-09-20 15:34:08,304 basehttp "GET /admin/Actions/complaint/ HTTP/1.1" 200 41932
INFO 2024-09-20 15:34:08,385 basehttp "GET /admin/jsi18n/ HTTP/1.1" 200 3343
INFO 2024-09-20 15:34:10,607 basehttp "GET /admin/Actions/complaint/add/ HTTP/1.1" 200 46241
INFO 2024-09-20 15:34:10,722 basehttp "GET /admin/jsi18n/ HTTP/1.1" 200 3343
INFO 2024-09-20 15:35:03,961 basehttp "GET /admin/Actions/maintenancerequest/ HTTP/1.1" 200 56785
INFO 2024-09-20 15:35:04,052 basehttp "GET /admin/jsi18n/ HTTP/1.1" 200 3343
INFO 2024-09-20 15:35:06,968 basehttp "GET /admin/Actions/maintenancerequest/add/ HTTP/1.1" 200 79099
INFO 2024-09-20 15:35:07,003 basehttp "GET /static/admin/img/icon-deletelink.svg HTTP/1.1" 200 392
INFO 2024-09-20 15:35:07,209 basehttp "GET /admin/jsi18n/ HTTP/1.1" 200 3343
INFO 2024-09-20 15:35:57,553 basehttp "GET /admin/Actions/category/ HTTP/1.1" 200 45043
INFO 2024-09-20 15:35:57,641 basehttp "GET /admin/jsi18n/ HTTP/1.1" 200 3343
INFO 2024-09-20 15:36:01,361 basehttp "GET /admin/Actions/subcategory/ HTTP/1.1" 200 66079
INFO 2024-09-20 15:36:01,456 basehttp "GET /admin/jsi18n/ HTTP/1.1" 200 3343
INFO 2024-09-20 15:36:04,985 basehttp "GET /admin/Actions/subcategory/add/ HTTP/1.1" 200 39226
INFO 2024-09-20 15:36:05,083 basehttp "GET /admin/jsi18n/ HTTP/1.1" 200 3343
INFO 2024-09-20 15:36:13,706 basehttp "GET /admin/Dorms/dorm/ HTTP/1.1" 200 83363
INFO 2024-09-20 15:36:13,811 basehttp "GET /admin/jsi18n/ HTTP/1.1" 200 3343
INFO 2024-09-20 15:36:23,624 basehttp "GET /admin/Dorms/dorm/?o=3.1 HTTP/1.1" 200 85417
INFO 2024-09-20 15:36:23,713 basehttp "GET /admin/jsi18n/ HTTP/1.1" 200 3343
INFO 2024-09-20 15:37:14,594 basehttp "GET /admin/Dorms/dorm/a79e6082-2b70-4e22-a4ae-7a33ae16bc16/change/?_changelist_filters=o%3D3.1 HTTP/1.1" 200 40818
INFO 2024-09-20 15:37:14,692 basehttp "GET /admin/jsi18n/ HTTP/1.1" 200 3343
INFO 2024-09-20 15:37:18,961 basehttp "GET /admin/Dorms/room/ HTTP/1.1" 200 500055
INFO 2024-09-20 15:37:19,045 basehttp "GET /admin/jsi18n/ HTTP/1.1" 200 3343
INFO 2024-09-20 15:37:22,215 basehttp "GET /admin/Dorms/room/?o=2.1 HTTP/1.1" 200 504720
INFO 2024-09-20 15:37:22,310 basehttp "GET /admin/jsi18n/ HTTP/1.1" 200 3343
INFO 2024-09-20 15:38:38,411 basehttp "GET /admin/Dorms/room/?q=EE%20202 HTTP/1.1" 200 60313
INFO 2024-09-20 15:38:38,552 basehttp "GET /admin/jsi18n/ HTTP/1.1" 200 3343
INFO 2024-09-20 15:38:43,924 basehttp "GET /admin/Dorms/room/?q=EE%20216 HTTP/1.1" 200 60313
INFO 2024-09-20 15:38:44,005 basehttp "GET /admin/jsi18n/ HTTP/1.1" 200 3343
INFO 2024-09-20 15:38:48,081 basehttp "GET /admin/Dorms/room/d9c3354f-88ab-4457-9264-d1e9f675df59/change/?_changelist_filters=q%3DEE%2B216 HTTP/1.1" 200 44104
INFO 2024-09-20 15:38:48,171 basehttp "GET /admin/jsi18n/ HTTP/1.1" 200 3343
INFO 2024-09-20 15:38:53,016 basehttp "GET /admin/Dorms/room/?q=EE%20216 HTTP/1.1" 200 60313
INFO 2024-09-20 15:38:58,092 basehttp "GET /admin/Dorms/room/?q= HTTP/1.1" 200 502804
INFO 2024-09-20 15:38:58,191 basehttp "GET /admin/jsi18n/ HTTP/1.1" 200 3343
INFO 2024-09-20 15:48:03,511 basehttp "GET /admin/Dorms/storageitem/ HTTP/1.1" 200 45814
INFO 2024-09-20 15:48:03,611 basehttp "GET /admin/jsi18n/ HTTP/1.1" 200 3343
INFO 2024-09-20 15:48:06,368 basehttp "GET /admin/Dorms/storageitem/add/ HTTP/1.1" 200 76345
INFO 2024-09-20 15:48:06,459 basehttp "GET /admin/jsi18n/ HTTP/1.1" 200 3343
INFO 2024-09-20 15:48:11,067 basehttp "GET /admin/Dorms/storage/ HTTP/1.1" 200 44790
INFO 2024-09-20 15:48:11,155 basehttp "GET /admin/jsi18n/ HTTP/1.1" 200 3343
INFO 2024-09-20 15:48:13,125 basehttp "GET /admin/Dorms/storage/add/ HTTP/1.1" 200 41645
INFO 2024-09-20 15:48:13,219 basehttp "GET /admin/jsi18n/ HTTP/1.1" 200 3343
INFO 2024-09-20 15:48:40,321 basehttp "GET /admin/Dorms/storageitem/ HTTP/1.1" 200 45814
INFO 2024-09-20 15:48:40,411 basehttp "GET /admin/jsi18n/ HTTP/1.1" 200 3343
INFO 2024-09-20 15:48:42,696 basehttp "GET /admin/Dorms/storageitem/add/ HTTP/1.1" 200 76345
INFO 2024-09-20 15:48:42,788 basehttp "GET /admin/jsi18n/ HTTP/1.1" 200 3343
INFO 2024-09-20 15:50:59,535 basehttp "GET /admin/UserProfiles/residents/ HTTP/1.1" 200 47513
INFO 2024-09-20 15:50:59,636 basehttp "GET /admin/jsi18n/ HTTP/1.1" 200 3343
INFO 2024-09-20 15:51:02,416 basehttp "GET /admin/UserProfiles/usercred/ HTTP/1.1" 200 71539
INFO 2024-09-20 15:51:02,502 basehttp "GET /admin/jsi18n/ HTTP/1.1" 200 3343
INFO 2024-09-20 15:51:10,631 basehttp "GET /admin/UserProfiles/staffs/ HTTP/1.1" 200 47912
INFO 2024-09-20 15:51:10,721 basehttp "GET /admin/jsi18n/ HTTP/1.1" 200 3343
INFO 2024-09-20 15:51:15,548 basehttp "GET /admin/UserProfiles/staffs/add/ HTTP/1.1" 200 40684
INFO 2024-09-20 15:51:15,639 basehttp "GET /admin/jsi18n/ HTTP/1.1" 200 3343
INFO 2024-09-20 15:51:28,442 basehttp "GET /admin/UserProfiles/roles/ HTTP/1.1" 200 54141
INFO 2024-09-20 15:51:28,534 basehttp "GET /admin/jsi18n/ HTTP/1.1" 200 3343
INFO 2024-09-20 15:51:34,144 basehttp - Broken pipe from ('127.0.0.1', 58993)
INFO 2024-09-20 15:51:34,354 basehttp "GET /admin/UserProfiles/roles/75db8738-6063-437b-afa1-b609b30cd710/change/ HTTP/1.1" 200 47320
INFO 2024-09-20 15:51:34,451 basehttp "GET /admin/jsi18n/ HTTP/1.1" 200 3343
INFO 2024-09-20 15:51:46,088 basehttp "GET /admin/UserProfiles/roles/ HTTP/1.1" 200 54141
INFO 2024-09-20 15:51:49,727 basehttp "GET /admin/UserProfiles/roles/add/ HTTP/1.1" 200 45633
INFO 2024-09-20 15:51:49,842 basehttp "GET /admin/jsi18n/ HTTP/1.1" 200 3343
INFO 2024-09-20 15:51:56,710 basehttp "GET /admin/UserProfiles/roles/ HTTP/1.1" 200 54141
INFO 2024-09-20 15:51:59,760 basehttp "GET /admin/UserProfiles/staffs/ HTTP/1.1" 200 47912
INFO 2024-09-20 15:51:59,860 basehttp "GET /admin/jsi18n/ HTTP/1.1" 200 3343
INFO 2024-09-20 15:52:01,706 basehttp "GET /admin/UserProfiles/staffs/add/ HTTP/1.1" 200 40684
INFO 2024-09-20 15:52:01,792 basehttp "GET /admin/jsi18n/ HTTP/1.1" 200 3343
INFO 2024-09-20 15:52:14,169 basehttp "GET /admin/UserProfiles/residents/ HTTP/1.1" 200 47513
INFO 2024-09-20 15:52:14,276 basehttp "GET /admin/jsi18n/ HTTP/1.1" 200 3343
INFO 2024-09-20 15:52:17,801 basehttp "GET /admin/Actions/complaint/ HTTP/1.1" 200 41932
INFO 2024-09-20 15:52:17,882 basehttp "GET /admin/jsi18n/ HTTP/1.1" 200 3343
INFO 2024-09-20 15:52:21,316 basehttp "GET /admin/AcademicYear/academicsession/ HTTP/1.1" 200 47083
INFO 2024-09-20 15:52:21,541 basehttp "GET /admin/jsi18n/ HTTP/1.1" 200 3343
INFO 2024-09-20 15:54:00,246 basehttp "GET /admin/Dorms/ HTTP/1.1" 200 38151
INFO 2024-09-20 15:54:03,071 basehttp "GET /admin/Dorms/dorm/ HTTP/1.1" 200 83363
INFO 2024-09-20 15:54:03,154 basehttp "GET /admin/jsi18n/ HTTP/1.1" 200 3343
INFO 2024-09-20 15:54:14,651 basehttp "GET /admin/Dorms/dorm/?gender__exact=M HTTP/1.1" 200 63583
INFO 2024-09-20 15:54:14,737 basehttp "GET /admin/jsi18n/ HTTP/1.1" 200 3343
INFO 2024-09-20 15:54:19,596 basehttp "GET /admin/Dorms/dorm/?campus_status__exact=ON&gender__exact=M HTTP/1.1" 200 64163
INFO 2024-09-20 15:54:19,691 basehttp "GET /admin/jsi18n/ HTTP/1.1" 200 3343
INFO 2024-09-20 15:55:35,783 basehttp "GET /admin/Actions/announcement/ HTTP/1.1" 200 41947
INFO 2024-09-20 15:55:35,912 basehttp "GET /admin/jsi18n/ HTTP/1.1" 200 3343
INFO 2024-09-20 15:55:39,247 basehttp "GET /admin/Actions/announcement/?semester__id__exact=b8a3eac5-b1f9-4a70-84f3-65ec57dad9e4 HTTP/1.1" 200 42433
INFO 2024-09-20 15:55:39,341 basehttp "GET /admin/jsi18n/ HTTP/1.1" 200 3343
INFO 2024-09-20 15:56:31,027 basehttp "GET /admin/AcademicYear/academicsession/ HTTP/1.1" 200 47083
INFO 2024-09-20 15:56:31,123 basehttp "GET /admin/jsi18n/ HTTP/1.1" 200 3343
INFO 2024-09-20 15:56:33,742 basehttp "GET /admin/AcademicYear/academicsession/bcf34f9d-1104-4090-ae44-47831322188b/change/ HTTP/1.1" 200 40603
INFO 2024-09-20 15:56:33,825 basehttp "GET /admin/jsi18n/ HTTP/1.1" 200 3343
INFO 2024-09-20 15:56:36,854 basehttp "GET /admin/AcademicYear/enrollment/ HTTP/1.1" 200 142719
INFO 2024-09-20 15:56:36,941 basehttp "GET /admin/jsi18n/ HTTP/1.1" 200 3343
INFO 2024-09-20 15:56:38,076 basehttp "GET /admin/AcademicYear/semester/ HTTP/1.1" 200 55685
INFO 2024-09-20 15:56:38,190 basehttp "GET /admin/jsi18n/ HTTP/1.1" 200 3343
INFO 2024-09-20 15:56:40,984 basehttp "GET /admin/AcademicYear/staffassignment/ HTTP/1.1" 200 47410
INFO 2024-09-20 15:56:41,076 basehttp "GET /admin/jsi18n/ HTTP/1.1" 200 3343
INFO 2024-09-20 15:56:42,467 basehttp "GET /admin/Actions/announcement/ HTTP/1.1" 200 41947
INFO 2024-09-20 15:56:42,572 basehttp "GET /admin/jsi18n/ HTTP/1.1" 200 3343
INFO 2024-09-20 15:56:43,985 basehttp "GET /admin/Actions/ HTTP/1.1" 200 39584
INFO 2024-09-20 15:56:45,301 basehttp "GET /admin/Actions/announcement/ HTTP/1.1" 200 41947
INFO 2024-09-20 15:56:45,406 basehttp "GET /admin/jsi18n/ HTTP/1.1" 200 3343
INFO 2024-09-20 15:56:46,398 basehttp "GET /admin/Actions/complaint/ HTTP/1.1" 200 41932
INFO 2024-09-20 15:56:46,501 basehttp "GET /admin/jsi18n/ HTTP/1.1" 200 3343
